[0.018s] Invoking command in '/home/user/ros2_ws/src/citylab_project/build/robot_patrol': CMAKE_PREFIX_PATH=${CMAKE_PREFIX_PATH}:/opt/ros/foxy _=/usr/bin/env /usr/bin/cmake --build /home/user/ros2_ws/src/citylab_project/build/robot_patrol -- -j8 -l8
[0.050s] -- Found ament_cmake: 0.9.9 (/opt/ros/foxy/share/ament_cmake/cmake)
[0.077s] -- Using PYTHON_EXECUTABLE: /usr/bin/python3
[0.339s] -- Found rclcpp: 2.4.0 (/opt/ros/foxy/share/rclcpp/cmake)
[0.385s] -- Using all available rosidl_typesupport_c: rosidl_typesupport_fastrtps_c;rosidl_typesupport_introspection_c
[0.389s] -- Found rosidl_adapter: 1.2.1 (/opt/ros/foxy/share/rosidl_adapter/cmake)
[0.607s] -- Using all available rosidl_typesupport_cpp: rosidl_typesupport_fastrtps_cpp;rosidl_typesupport_introspection_cpp
[0.669s] -- Found rmw_implementation_cmake: 1.0.3 (/opt/ros/foxy/share/rmw_implementation_cmake/cmake)
[0.670s] -- Using RMW implementation 'rmw_fastrtps_cpp' as default
[0.847s] -- Found ament_lint_auto: 0.9.6 (/opt/ros/foxy/share/ament_lint_auto/cmake)
[0.925s] -- Added test 'copyright' to check source files copyright and LICENSE
[0.926s] -- Added test 'cppcheck' to perform static code analysis on C / C++ code
[0.926s] -- Configured cppcheck include dirs: /home/user/ros2_ws/src/citylab_project/src/robot_patrol/include
[0.927s] -- Configured cppcheck exclude dirs and/or files: 
[0.927s] -- Added test 'cpplint' to check C / C++ code against the Google style
[0.927s] -- Configured cpplint exclude dirs and/or files: 
[0.928s] -- Added test 'lint_cmake' to check CMake code style
[0.929s] -- Added test 'uncrustify' to check C / C++ code style
[0.929s] -- Configured uncrustify additional arguments: 
[0.929s] -- Added test 'xmllint' to check XML markup files
[0.933s] -- Configuring done
[0.942s] -- Generating done
[0.944s] -- Build files have been written to: /home/user/ros2_ws/src/citylab_project/build/robot_patrol
[0.989s] [ 66%] [32mBuilding CXX object CMakeFiles/patrol_node.dir/src/patrol.cpp.o[0m
[0.990s] [ 66%] [32mBuilding CXX object CMakeFiles/patrol_node.dir/src/patrol_node.cpp.o[0m
[2.343s] In file included from [01m[K/home/user/ros2_ws/src/citylab_project/src/robot_patrol/src/patrol.cpp:1[m[K:
[2.343s] [01m[K/home/user/ros2_ws/src/citylab_project/src/robot_patrol/include/patrol.h:9:26:[m[K [01;31m[Kerror: [m[K'[01m[Ksensor_msgs[m[K' was not declared in this scope
[2.343s]     9 |     rclcpp::Subscription<[01;31m[Ksensor_msgs[m[K::msg::LaserScan>::SharedPtr subscription_laserscan_;
[2.343s]       |                          [01;31m[K^~~~~~~~~~~[m[K
[2.343s] [01m[K/home/user/ros2_ws/src/citylab_project/src/robot_patrol/include/patrol.h:9:53:[m[K [01;31m[Kerror: [m[Ktemplate argument 1 is invalid
[2.343s]     9 |     rclcpp::Subscription<sensor_msgs::msg::LaserScan[01;31m[K>[m[K::SharedPtr subscription_laserscan_;
[2.343s]       |                                                     [01;31m[K^[m[K
[2.343s] [01m[K/home/user/ros2_ws/src/citylab_project/src/robot_patrol/include/patrol.h:9:53:[m[K [01;31m[Kerror: [m[Ktemplate argument 3 is invalid
[2.343s] [01m[K/home/user/ros2_ws/src/citylab_project/src/robot_patrol/include/patrol.h:9:56:[m[K [01;31m[Kerror: [m[Kexpected '[01m[K;[m[K' at end of member declaration
[2.343s]     9 |     rclcpp::Subscription<sensor_msgs::msg::LaserScan>::[01;31m[KSharedPtr[m[K subscription_laserscan_;
[2.343s]       |                                                        [01;31m[K^~~~~~~~~[m[K
[2.344s]       |                                                                 [32m[K;[m[K
[2.348s] [01m[K/home/user/ros2_ws/src/citylab_project/src/robot_patrol/include/patrol.h:9:66:[m[K [01;31m[Kerror: [m[K'[01m[Ksubscription_laserscan_[m[K' does not name a type
[2.348s]     9 |     rclcpp::Subscription<sensor_msgs::msg::LaserScan>::SharedPtr [01;31m[Ksubscription_laserscan_[m[K;
[2.348s]       |                                                                  [01;31m[K^~~~~~~~~~~~~~~~~~~~~~~[m[K
[2.350s] [01m[K/home/user/ros2_ws/src/citylab_project/src/robot_patrol/include/patrol.h:10:23:[m[K [01;31m[Kerror: [m[K'[01m[Kstd_msgs[m[K' was not declared in this scope
[2.351s]    10 |     rclcpp::Publisher<[01;31m[Kstd_msgs[m[K::msg::Int32>::SharedPtr publisher_cmdvel_;
[2.351s]       |                       [01;31m[K^~~~~~~~[m[K
[2.351s] [01m[K/home/user/ros2_ws/src/citylab_project/src/robot_patrol/include/patrol.h:10:43:[m[K [01;31m[Kerror: [m[Ktemplate argument 1 is invalid
[2.351s]    10 |     rclcpp::Publisher<std_msgs::msg::Int32[01;31m[K>[m[K::SharedPtr publisher_cmdvel_;
[2.351s]       |                                           [01;31m[K^[m[K
[2.351s] [01m[K/home/user/ros2_ws/src/citylab_project/src/robot_patrol/include/patrol.h:10:46:[m[K [01;31m[Kerror: [m[Kexpected '[01m[K;[m[K' at end of member declaration
[2.351s]    10 |     rclcpp::Publisher<std_msgs::msg::Int32>::[01;31m[KSharedPtr[m[K publisher_cmdvel_;
[2.351s]       |                                              [01;31m[K^~~~~~~~~[m[K
[2.351s]       |                                                       [32m[K;[m[K
[2.351s] [01m[K/home/user/ros2_ws/src/citylab_project/src/robot_patrol/include/patrol.h:10:46:[m[K [01;31m[Kerror: [m[Kredeclaration of '[01m[Kint Patrol::SharedPtr[m[K'
[2.351s] [01m[K/home/user/ros2_ws/src/citylab_project/src/robot_patrol/include/patrol.h:9:56:[m[K [01;36m[Knote: [m[Kprevious declaration '[01m[Kint Patrol::SharedPtr[m[K'
[2.351s]     9 |     rclcpp::Subscription<sensor_msgs::msg::LaserScan>::[01;36m[KSharedPtr[m[K subscription_laserscan_;
[2.351s]       |                                                        [01;36m[K^~~~~~~~~[m[K
[2.352s] In file included from [01m[K/home/user/ros2_ws/src/citylab_project/src/robot_patrol/src/patrol_node.cpp:1[m[K:
[2.352s] [01m[K/home/user/ros2_ws/src/citylab_project/src/robot_patrol/include/patrol.h:9:26:[m[K [01;31m[Kerror: [m[K'[01m[Ksensor_msgs[m[K' was not declared in this scope
[2.352s]     9 |     rclcpp::Subscription<[01;31m[Ksensor_msgs[m[K::msg::LaserScan>::SharedPtr subscription_laserscan_;
[2.352s]       |                          [01;31m[K^~~~~~~~~~~[m[K
[2.352s] [01m[K/home/user/ros2_ws/src/citylab_project/src/robot_patrol/include/patrol.h:9:53:[m[K [01;31m[Kerror: [m[Ktemplate argument 1 is invalid
[2.352s]     9 |     rclcpp::Subscription<sensor_msgs::msg::LaserScan[01;31m[K>[m[K::SharedPtr subscription_laserscan_;
[2.352s]       |                                                     [01;31m[K^[m[K
[2.353s] [01m[K/home/user/ros2_ws/src/citylab_project/src/robot_patrol/include/patrol.h:9:53:[m[K [01;31m[Kerror: [m[Ktemplate argument 3 is invalid
[2.353s] [01m[K/home/user/ros2_ws/src/citylab_project/src/robot_patrol/include/patrol.h:9:56:[m[K [01;31m[Kerror: [m[Kexpected '[01m[K;[m[K' at end of member declaration
[2.353s]     9 |     rclcpp::Subscription<sensor_msgs::msg::LaserScan>::[01;31m[KSharedPtr[m[K subscription_laserscan_;
[2.353s]       |                                                        [01;31m[K^~~~~~~~~[m[K
[2.353s]       |                                                                 [32m[K;[m[K
[2.354s] [01m[K/home/user/ros2_ws/src/citylab_project/src/robot_patrol/include/patrol.h:10:56:[m[K [01;31m[Kerror: [m[K'[01m[Kpublisher_cmdvel_[m[K' does not name a type
[2.354s]    10 |     rclcpp::Publisher<std_msgs::msg::Int32>::SharedPtr [01;31m[Kpublisher_cmdvel_[m[K;
[2.354s]       |                                                        [01;31m[K^~~~~~~~~~~~~~~~~[m[K
[2.358s] [01m[K/home/user/ros2_ws/src/citylab_project/src/robot_patrol/include/patrol.h:9:66:[m[K [01;31m[Kerror: [m[K'[01m[Ksubscription_laserscan_[m[K' does not name a type
[2.358s]     9 |     rclcpp::Subscription<sensor_msgs::msg::LaserScan>::SharedPtr [01;31m[Ksubscription_laserscan_[m[K;
[2.358s]       |                                                                  [01;31m[K^~~~~~~~~~~~~~~~~~~~~~~[m[K
[2.360s] [01m[K/home/user/ros2_ws/src/citylab_project/src/robot_patrol/include/patrol.h:10:23:[m[K [01;31m[Kerror: [m[K'[01m[Kstd_msgs[m[K' was not declared in this scope
[2.360s]    10 |     rclcpp::Publisher<[01;31m[Kstd_msgs[m[K::msg::Int32>::SharedPtr publisher_cmdvel_;
[2.360s]       |                       [01;31m[K^~~~~~~~[m[K
[2.360s] [01m[K/home/user/ros2_ws/src/citylab_project/src/robot_patrol/include/patrol.h:10:43:[m[K [01;31m[Kerror: [m[Ktemplate argument 1 is invalid
[2.360s]    10 |     rclcpp::Publisher<std_msgs::msg::Int32[01;31m[K>[m[K::SharedPtr publisher_cmdvel_;
[2.360s]       |                                           [01;31m[K^[m[K
[2.360s] [01m[K/home/user/ros2_ws/src/citylab_project/src/robot_patrol/include/patrol.h:10:46:[m[K [01;31m[Kerror: [m[Kexpected '[01m[K;[m[K' at end of member declaration
[2.361s]    10 |     rclcpp::Publisher<std_msgs::msg::Int32>::[01;31m[KSharedPtr[m[K publisher_cmdvel_;
[2.361s]       |                                              [01;31m[K^~~~~~~~~[m[K
[2.361s]       |                                                       [32m[K;[m[K
[2.361s] [01m[K/home/user/ros2_ws/src/citylab_project/src/robot_patrol/include/patrol.h:10:46:[m[K [01;31m[Kerror: [m[Kredeclaration of '[01m[Kint Patrol::SharedPtr[m[K'
[2.361s] [01m[K/home/user/ros2_ws/src/citylab_project/src/robot_patrol/include/patrol.h:9:56:[m[K [01;36m[Knote: [m[Kprevious declaration '[01m[Kint Patrol::SharedPtr[m[K'
[2.361s]     9 |     rclcpp::Subscription<sensor_msgs::msg::LaserScan>::[01;36m[KSharedPtr[m[K subscription_laserscan_;
[2.361s]       |                                                        [01;36m[K^~~~~~~~~[m[K
[2.363s] [01m[K/home/user/ros2_ws/src/citylab_project/src/robot_patrol/src/patrol.cpp:[m[K In constructor '[01m[KPatrol::Patrol()[m[K':
[2.363s] [01m[K/home/user/ros2_ws/src/citylab_project/src/robot_patrol/src/patrol.cpp:10:5:[m[K [01;31m[Kerror: [m[K'[01m[Ksubscription_laserscan_[m[K' was not declared in this scope
[2.363s]    10 |     [01;31m[Ksubscription_laserscan_[m[K = this->create_subscription<sensor_msgs::msg::LaserScan>(
[2.363s]       |     [01;31m[K^~~~~~~~~~~~~~~~~~~~~~~[m[K
[2.364s] [01m[K/home/user/ros2_ws/src/citylab_project/src/robot_patrol/include/patrol.h:10:56:[m[K [01;31m[Kerror: [m[K'[01m[Kpublisher_cmdvel_[m[K' does not name a type
[2.364s]    10 |     rclcpp::Publisher<std_msgs::msg::Int32>::SharedPtr [01;31m[Kpublisher_cmdvel_[m[K;
[2.364s]       |                                                        [01;31m[K^~~~~~~~~~~~~~~~~[m[K
[2.366s] [01m[K/home/user/ros2_ws/src/citylab_project/src/robot_patrol/src/patrol.cpp:10:57:[m[K [01;31m[Kerror: [m[K'[01m[Ksensor_msgs[m[K' was not declared in this scope
[2.366s]    10 |     subscription_laserscan_ = this->create_subscription<[01;31m[Ksensor_msgs[m[K::msg::LaserScan>(
[2.366s]       |                                                         [01;31m[K^~~~~~~~~~~[m[K
[2.366s] [01m[K/home/user/ros2_ws/src/citylab_project/src/robot_patrol/src/patrol.cpp:10:37:[m[K [01;31m[Kerror: [m[Kparse error in template argument list
[2.366s]    10 |     subscription_laserscan_ = this->[01;31m[Kcreate_subscription<sensor_msgs::msg::LaserScan>[m[K(
[2.366s]       |                                     [01;31m[K^~~~~~~~~~~~~~~~~~~~~~~~~~~~~~~~~~~~~~~~~~~~~~~~[m[K
[2.366s] [01m[K/home/user/ros2_ws/src/citylab_project/src/robot_patrol/src/patrol.cpp:11:39:[m[K [01;31m[Kerror: [m[K'[01m[KlaserscanCallBack[m[K' is not a member of '[01m[KPatrol[m[K'
[2.366s]    11 |       "/scan", 10, std::bind(&Patrol::[01;31m[KlaserscanCallBack[m[K, this, _1), callback_group);
[2.367s]       |                                       [01;31m[K^~~~~~~~~~~~~~~~~[m[K
[2.367s] [01m[K/home/user/ros2_ws/src/citylab_project/src/robot_patrol/src/patrol.cpp:11:64:[m[K [01;31m[Kerror: [m[K'[01m[K_1[m[K' was not declared in this scope; did you mean '[01m[Kstd::placeholders::_1[m[K'?
[2.367s]    11 |       "/scan", 10, std::bind(&Patrol::laserscanCallBack, this, [01;31m[K_1[m[K), callback_group);
[2.367s]       |                                                                [01;31m[K^~[m[K
[2.367s]       |                                                                [32m[Kstd::placeholders::_1[m[K
[2.367s] In file included from [01m[K/opt/ros/foxy/include/rclcpp/context.hpp:19[m[K,
[2.367s]                  from [01m[K/opt/ros/foxy/include/rclcpp/contexts/default_context.hpp:18[m[K,
[2.367s]                  from [01m[K/opt/ros/foxy/include/rclcpp/executor.hpp:32[m[K,
[2.367s]                  from [01m[K/opt/ros/foxy/include/rclcpp/executors/multi_threaded_executor.hpp:26[m[K,
[2.367s]                  from [01m[K/opt/ros/foxy/include/rclcpp/executors.hpp:21[m[K,
[2.367s]                  from [01m[K/opt/ros/foxy/include/rclcpp/rclcpp.hpp:146[m[K,
[2.367s]                  from [01m[K/home/user/ros2_ws/src/citylab_project/src/robot_patrol/include/patrol.h:1[m[K,
[2.368s]                  from [01m[K/home/user/ros2_ws/src/citylab_project/src/robot_patrol/src/patrol.cpp:1[m[K:
[2.368s] [01m[K/usr/include/c++/9/functional:211:34:[m[K [01;36m[Knote: [m[K'[01m[Kstd::placeholders::_1[m[K' declared here
[2.368s]   211 |     extern const _Placeholder<1> [01;36m[K_1[m[K;
[2.368s]       |                                  [01;36m[K^~[m[K
[2.368s] [01m[K/home/user/ros2_ws/src/citylab_project/src/robot_patrol/src/patrol.cpp:11:69:[m[K [01;31m[Kerror: [m[K'[01m[Kcallback_group[m[K' was not declared in this scope; did you mean '[01m[Krclcpp::callback_group[m[K'?
[2.368s]    11 |       "/scan", 10, std::bind(&Patrol::laserscanCallBack, this, _1), [01;31m[Kcallback_group[m[K);
[2.368s]       |                                                                     [01;31m[K^~~~~~~~~~~~~~[m[K
[2.368s]       |                                                                     [32m[Krclcpp::callback_group[m[K
[2.368s] In file included from [01m[K/opt/ros/foxy/include/rclcpp/any_executable.hpp:20[m[K,
[2.368s]                  from [01m[K/opt/ros/foxy/include/rclcpp/memory_strategy.hpp:24[m[K,
[2.368s]                  from [01m[K/opt/ros/foxy/include/rclcpp/memory_strategies.hpp:18[m[K,
[2.368s]                  from [01m[K/opt/ros/foxy/include/rclcpp/executor_options.hpp:20[m[K,
[2.368s]                  from [01m[K/opt/ros/foxy/include/rclcpp/executor.hpp:33[m[K,
[2.369s]                  from [01m[K/opt/ros/foxy/include/rclcpp/executors/multi_threaded_executor.hpp:26[m[K,
[2.369s]                  from [01m[K/opt/ros/foxy/include/rclcpp/executors.hpp:21[m[K,
[2.369s]                  from [01m[K/opt/ros/foxy/include/rclcpp/rclcpp.hpp:146[m[K,
[2.369s]                  from [01m[K/home/user/ros2_ws/src/citylab_project/src/robot_patrol/include/patrol.h:1[m[K,
[2.369s]                  from [01m[K/home/user/ros2_ws/src/citylab_project/src/robot_patrol/src/patrol.cpp:1[m[K:
[2.369s] [01m[K/opt/ros/foxy/include/rclcpp/callback_group.hpp:162:11:[m[K [01;36m[Knote: [m[K'[01m[Krclcpp::callback_group[m[K' declared here
[2.369s]   162 | namespace [01;36m[Kcallback_group[m[K
[2.369s]       |           [01;36m[K^~~~~~~~~~~~~~[m[K
[2.370s] [01m[K/home/user/ros2_ws/src/citylab_project/src/robot_patrol/src/patrol.cpp:13:5:[m[K [01;31m[Kerror: [m[K'[01m[Kpublisher_cmdvel_[m[K' was not declared in this scope
[2.370s]    13 |     [01;31m[Kpublisher_cmdvel_[m[K = this->create_publisher<geometry_msgs::msg::Twist>("/cmd_vel", 10);
[2.371s]       |     [01;31m[K^~~~~~~~~~~~~~~~~[m[K
[2.373s] [01m[K/home/user/ros2_ws/src/citylab_project/src/robot_patrol/src/patrol.cpp:13:48:[m[K [01;31m[Kerror: [m[K'[01m[Kgeometry_msgs[m[K' was not declared in this scope
[2.374s]    13 |     publisher_cmdvel_ = this->create_publisher<[01;31m[Kgeometry_msgs[m[K::msg::Twist>("/cmd_vel", 10);
[2.374s]       |                                                [01;31m[K^~~~~~~~~~~~~[m[K
[2.374s] [01m[K/home/user/ros2_ws/src/citylab_project/src/robot_patrol/src/patrol.cpp:13:31:[m[K [01;31m[Kerror: [m[Kparse error in template argument list
[2.374s]    13 |     publisher_cmdvel_ = this->[01;31m[Kcreate_publisher<geometry_msgs::msg::Twist>[m[K("/cmd_vel", 10);
[2.374s]       |                               [01;31m[K^~~~~~~~~~~~~~~~~~~~~~~~~~~~~~~~~~~~~~~~~~~[m[K
[2.374s] [01m[K/home/user/ros2_ws/src/citylab_project/src/robot_patrol/src/patrol.cpp:13:89:[m[K [01;31m[Kerror: [m[Kno matching function for call to '[01m[KPatrol::create_publisher<<expression error> >(const char [9], int)[m[K'
[2.374s]    13 |     publisher_cmdvel_ = this->create_publisher<geometry_msgs::msg::Twist>("/cmd_vel", 10[01;31m[K)[m[K;
[2.374s]       |                                                                                         [01;31m[K^[m[K
[2.374s] In file included from [01m[K/opt/ros/foxy/include/rclcpp/executors/single_threaded_executor.hpp:28[m[K,
[2.374s]                  from [01m[K/opt/ros/foxy/include/rclcpp/executors.hpp:22[m[K,
[2.374s]                  from [01m[K/opt/ros/foxy/include/rclcpp/rclcpp.hpp:146[m[K,
[2.375s]                  from [01m[K/home/user/ros2_ws/src/citylab_project/src/robot_patrol/include/patrol.h:1[m[K,
[2.375s]                  from [01m[K/home/user/ros2_ws/src/citylab_project/src/robot_patrol/src/patrol.cpp:1[m[K:
[2.375s] [01m[K/opt/ros/foxy/include/rclcpp/node.hpp:184:3:[m[K [01;36m[Knote: [m[Kcandidate: '[01m[Ktemplate<class MessageT, class AllocatorT, class PublisherT> std::shared_ptr<PublisherT> rclcpp::Node::create_publisher(const string&, const rclcpp::QoS&, const rclcpp::PublisherOptionsWithAllocator<AllocatorT>&)[m[K'
[2.375s]   184 |   [01;36m[Kcreate_publisher[m[K(
[2.375s]       |   [01;36m[K^~~~~~~~~~~~~~~~[m[K
[2.375s] [01m[K/opt/ros/foxy/include/rclcpp/node.hpp:184:3:[m[K [01;36m[Knote: [m[K  template argument deduction/substitution failed:
[2.375s] [01m[K/home/user/ros2_ws/src/citylab_project/src/robot_patrol/src/patrol.cpp:13:89:[m[K [01;31m[Kerror: [m[Ktemplate argument 1 is invalid
[2.375s]    13 |     publisher_cmdvel_ = this->create_publisher<geometry_msgs::msg::Twist>("/cmd_vel", 10[01;31m[K)[m[K;
[2.375s]       |                                                                                         [01;31m[K^[m[K
[2.375s] [01m[K/home/user/ros2_ws/src/citylab_project/src/robot_patrol/src/patrol.cpp:14:38:[m[K [01;31m[Kerror: [m[Kunable to find numeric literal operator '[01m[Koperator""ms[m[K'
[2.375s]    14 |     timer_ = this->create_wall_timer([01;31m[K100ms[m[K, std::bind(&Patrol::cmdvelCallBack, this), callback_group_);
[2.375s]       |                                      [01;31m[K^~~~~[m[K
[2.383s] [01m[K/home/user/ros2_ws/src/citylab_project/src/robot_patrol/src/patrol.cpp:[m[K At global scope:
[2.383s] [01m[K/home/user/ros2_ws/src/citylab_project/src/robot_patrol/src/patrol.cpp:19:33:[m[K [01;31m[Kerror: [m[K'[01m[Ksensor_msgs[m[K' does not name a type
[2.383s]    19 | Patrol::laserscanCallBack(const [01;31m[Ksensor_msgs[m[K::msg::LaserScan::SharedPtr msg)
[2.383s]       |                                 [01;31m[K^~~~~~~~~~~[m[K
[2.383s] [01m[K/home/user/ros2_ws/src/citylab_project/src/robot_patrol/src/patrol.cpp:19:49:[m[K [01;31m[Kerror: [m[Kexpected unqualified-id before '[01m[K::[m[K' token
[2.384s]    19 | Patrol::laserscanCallBack(const sensor_msgs::msg[01;31m[K::[m[KLaserScan::SharedPtr msg)
[2.384s]       |                                                 [01;31m[K^~[m[K
[2.384s] [01m[K/home/user/ros2_ws/src/citylab_project/src/robot_patrol/src/patrol.cpp:19:49:[m[K [01;31m[Kerror: [m[Kexpected '[01m[K)[m[K' before '[01m[K::[m[K' token
[2.384s]    19 | Patrol::laserscanCallBack[34m[K([m[Kconst sensor_msgs::msg[01;31m[K:[m[K[32m[K:[m[KLaserScan::SharedPtr msg)
[2.384s]       |                          [34m[K~[m[K                      [01;31m[K^[m[K[32m[K~[m[K
[2.384s]       |                                                 [32m[K)[m[K
[2.384s] [01m[K/home/user/ros2_ws/src/citylab_project/src/robot_patrol/src/patrol.cpp:19:49:[m[K [01;31m[Kerror: [m[Kexpected constructor, destructor, or type conversion before '[01m[K::[m[K' token
[2.384s]    19 | Patrol::laserscanCallBack(const sensor_msgs::msg[01;31m[K::[m[KLaserScan::SharedPtr msg)
[2.384s]       |                                                 [01;31m[K^~[m[K
[2.384s] [01m[K/home/user/ros2_ws/src/citylab_project/src/robot_patrol/src/patrol.cpp:[m[K In member function '[01m[Kvoid Patrol::cmdvelCallBack()[m[K':
[2.384s] [01m[K/home/user/ros2_ws/src/citylab_project/src/robot_patrol/src/patrol.cpp:47:20:[m[K [01;31m[Kerror: [m[K'[01m[Kgeometry_msgs[m[K' has not been declared
[2.384s]    47 |     auto message = [01;31m[Kgeometry_msgs[m[K::msg::Twist();
[2.385s]       |                    [01;31m[K^~~~~~~~~~~~~[m[K
[2.387s] [01m[K/home/user/ros2_ws/src/citylab_project/src/robot_patrol/src/patrol.cpp:56:5:[m[K [01;31m[Kerror: [m[K'[01m[Kpublisher_cmdvel_[m[K' was not declared in this scope
[2.387s]    56 |     [01;31m[Kpublisher_cmdvel_[m[K->publish(message);
[2.387s]       |     [01;31m[K^~~~~~~~~~~~~~~~~[m[K
[2.790s] make[2]: *** [CMakeFiles/patrol_node.dir/build.make:63: CMakeFiles/patrol_node.dir/src/patrol_node.cpp.o] Error 1
[2.791s] make[2]: *** Waiting for unfinished jobs....
[2.792s] make[2]: *** [CMakeFiles/patrol_node.dir/build.make:76: CMakeFiles/patrol_node.dir/src/patrol.cpp.o] Error 1
[2.792s] make[1]: *** [CMakeFiles/Makefile2:78: CMakeFiles/patrol_node.dir/all] Error 2
[2.792s] make: *** [Makefile:141: all] Error 2
[2.795s] Invoked command in '/home/user/ros2_ws/src/citylab_project/build/robot_patrol' returned '2': CMAKE_PREFIX_PATH=${CMAKE_PREFIX_PATH}:/opt/ros/foxy _=/usr/bin/env /usr/bin/cmake --build /home/user/ros2_ws/src/citylab_project/build/robot_patrol -- -j8 -l8
