[0.092s] Invoking command in '/home/user/ros2_ws/src/citylab_project/build/robot_patrol': CMAKE_PREFIX_PATH=${CMAKE_PREFIX_PATH}:/opt/ros/foxy _=/usr/bin/env /usr/bin/cmake --build /home/user/ros2_ws/src/citylab_project/build/robot_patrol -- -j8 -l8
[0.172s] [35m[1mScanning dependencies of target patrol_node[0m
[0.219s] [ 33%] [32mBuilding CXX object CMakeFiles/patrol_node.dir/src/patrol.cpp.o[0m
[1.603s] [01m[K/home/user/ros2_ws/src/citylab_project/src/robot_patrol/src/patrol.cpp:[m[K In constructor '[01m[KPatrol::Patrol()[m[K':
[1.603s] [01m[K/home/user/ros2_ws/src/citylab_project/src/robot_patrol/src/patrol.cpp:11:64:[m[K [01;31m[Kerror: [m[K'[01m[K_1[m[K' was not declared in this scope; did you mean '[01m[Kstd::placeholders::_1[m[K'?
[1.603s]    11 |       "/scan", 10, std::bind(&Patrol::laserscanCallBack, this, [01;31m[K_1[m[K), callback_group_);
[1.603s]       |                                                                [01;31m[K^~[m[K
[1.603s]       |                                                                [32m[Kstd::placeholders::_1[m[K
[1.603s] In file included from [01m[K/opt/ros/foxy/include/rclcpp/context.hpp:19[m[K,
[1.604s]                  from [01m[K/opt/ros/foxy/include/rclcpp/contexts/default_context.hpp:18[m[K,
[1.604s]                  from [01m[K/opt/ros/foxy/include/rclcpp/executor.hpp:32[m[K,
[1.604s]                  from [01m[K/opt/ros/foxy/include/rclcpp/executors/multi_threaded_executor.hpp:26[m[K,
[1.604s]                  from [01m[K/opt/ros/foxy/include/rclcpp/executors.hpp:21[m[K,
[1.604s]                  from [01m[K/opt/ros/foxy/include/rclcpp/rclcpp.hpp:146[m[K,
[1.604s]                  from [01m[K/home/user/ros2_ws/src/citylab_project/src/robot_patrol/include/patrol.h:2[m[K,
[1.604s]                  from [01m[K/home/user/ros2_ws/src/citylab_project/src/robot_patrol/src/patrol.cpp:1[m[K:
[1.604s] [01m[K/usr/include/c++/9/functional:211:34:[m[K [01;36m[Knote: [m[K'[01m[Kstd::placeholders::_1[m[K' declared here
[1.604s]   211 |     extern const _Placeholder<1> [01;36m[K_1[m[K;
[1.604s]       |                                  [01;36m[K^~[m[K
[1.604s] [01m[K/home/user/ros2_ws/src/citylab_project/src/robot_patrol/src/patrol.cpp:14:38:[m[K [01;31m[Kerror: [m[Kunable to find numeric literal operator '[01m[Koperator""ms[m[K'
[1.604s]    14 |     timer_ = this->create_wall_timer([01;31m[K100ms[m[K, std::bind(&Patrol::cmdvelCallBack, this), callback_group_);
[1.605s]       |                                      [01;31m[K^~~~~[m[K
[1.617s] [01m[K/home/user/ros2_ws/src/citylab_project/src/robot_patrol/src/patrol.cpp:[m[K In member function '[01m[Kvoid Patrol::laserscanCallBack(sensor_msgs::msg::LaserScan_<std::allocator<void> >::SharedPtr)[m[K':
[1.617s] [01m[K/home/user/ros2_ws/src/citylab_project/src/robot_patrol/src/patrol.cpp:25:2:[m[K [01;31m[Kerror: [m[K'[01m[Kminus_pi_2_index[m[K' was not declared in this scope
[1.618s]    25 |  [01;31m[Kminus_pi_2_index[m[K = int((min_angle - msg->angle_min) / msg->angle_increment);
[1.618s]       |  [01;31m[K^~~~~~~~~~~~~~~~[m[K
[1.620s] [01m[K/home/user/ros2_ws/src/citylab_project/src/robot_patrol/src/patrol.cpp:26:2:[m[K [01;31m[Kerror: [m[K'[01m[Kpi_2_index[m[K' was not declared in this scope
[1.620s]    26 |  [01;31m[Kpi_2_index[m[K       = int((max_angle - msg->angle_min) / msg->angle_increment);
[1.620s]       |  [01;31m[K^~~~~~~~~~[m[K
[1.621s] In file included from [01m[K/opt/ros/foxy/include/rclcpp/service.hpp:34[m[K,
[1.621s]                  from [01m[K/opt/ros/foxy/include/rclcpp/callback_group.hpp:25[m[K,
[1.621s]                  from [01m[K/opt/ros/foxy/include/rclcpp/any_executable.hpp:20[m[K,
[1.621s]                  from [01m[K/opt/ros/foxy/include/rclcpp/memory_strategy.hpp:24[m[K,
[1.621s]                  from [01m[K/opt/ros/foxy/include/rclcpp/memory_strategies.hpp:18[m[K,
[1.622s]                  from [01m[K/opt/ros/foxy/include/rclcpp/executor_options.hpp:20[m[K,
[1.622s]                  from [01m[K/opt/ros/foxy/include/rclcpp/executor.hpp:33[m[K,
[1.622s]                  from [01m[K/opt/ros/foxy/include/rclcpp/executors/multi_threaded_executor.hpp:26[m[K,
[1.622s]                  from [01m[K/opt/ros/foxy/include/rclcpp/executors.hpp:21[m[K,
[1.622s]                  from [01m[K/opt/ros/foxy/include/rclcpp/rclcpp.hpp:146[m[K,
[1.622s]                  from [01m[K/home/user/ros2_ws/src/citylab_project/src/robot_patrol/include/patrol.h:2[m[K,
[1.622s]                  from [01m[K/home/user/ros2_ws/src/citylab_project/src/robot_patrol/src/patrol.cpp:1[m[K:
[1.622s] [01m[K/home/user/ros2_ws/src/citylab_project/src/robot_patrol/src/patrol.cpp:30:16:[m[K [01;31m[Kerror: [m[K'[01m[Knode[m[K' was not declared in this scope; did you mean '[01m[KNode[m[K'?
[1.622s]    30 |   RCLCPP_ERROR([01;31m[Knode[m[K->get_logger(), "Index out of size");
[1.622s]       |                [01;31m[K^~~~[m[K
[1.622s] [01m[K/home/user/ros2_ws/src/citylab_project/src/robot_patrol/src/patrol.cpp:30:3:[m[K [01;31m[Kerror: [m[Ktemplate argument 1 is invalid
[1.623s]    30 |   [01;31m[KRCLCPP_ERROR[m[K(node->get_logger(), "Index out of size");
[1.623s]       |   [01;31m[K^~~~~~~~~~~~[m[K
[1.623s] [01m[K/home/user/ros2_ws/src/citylab_project/src/robot_patrol/src/patrol.cpp:30:3:[m[K [01;31m[Kerror: [m[Ktemplate argument 1 is invalid
[1.623s]    30 |   [01;31m[KRCLCPP_ERROR[m[K(node->get_logger(), "Index out of size");
[1.623s]       |   [01;31m[K^~~~~~~~~~~~[m[K
[1.623s] [01m[K/home/user/ros2_ws/src/citylab_project/src/robot_patrol/src/patrol.cpp:30:3:[m[K [01;31m[Kerror: [m[Ktemplate argument 1 is invalid
[1.623s]    30 |   [01;31m[KRCLCPP_ERROR[m[K(node->get_logger(), "Index out of size");
[1.623s]       |   [01;31m[K^~~~~~~~~~~~[m[K
[1.623s] [01m[K/home/user/ros2_ws/src/citylab_project/src/robot_patrol/src/patrol.cpp:36:69:[m[K [01;35m[Kwarning: [m[Ksuggest braces around empty body in an '[01m[Kif[m[K' statement [[01;35m[K-Wempty-body[m[K]
[1.623s]    36 |    if(msg->ranges[i] > clear_distance && msg->ranges[i] != INFINITY)[01;35m[K;[m[K
[1.623s]       |                                                                     [01;35m[K^[m[K
[1.623s] [01m[K/home/user/ros2_ws/src/citylab_project/src/robot_patrol/src/patrol.cpp:36:4:[m[K [01;35m[Kwarning: [m[Kthis '[01m[Kif[m[K' clause does not guard... [[01;35m[K-Wmisleading-indentation[m[K]
[1.624s]    36 |    [01;35m[Kif[m[K(msg->ranges[i] > clear_distance && msg->ranges[i] != INFINITY);
[1.624s]       |    [01;35m[K^~[m[K
[1.624s] [01m[K/home/user/ros2_ws/src/citylab_project/src/robot_patrol/src/patrol.cpp:37:4:[m[K [01;36m[Knote: [m[K...this statement, but the latter is misleadingly indented as if it were guarded by the '[01m[Kif[m[K'
[1.624s]    37 |    [01;36m[K{[m[K
[1.624s]       |    [01;36m[K^[m[K
[2.548s] make[2]: *** [CMakeFiles/patrol_node.dir/build.make:76: CMakeFiles/patrol_node.dir/src/patrol.cpp.o] Error 1
[2.548s] make[1]: *** [CMakeFiles/Makefile2:78: CMakeFiles/patrol_node.dir/all] Error 2
[2.548s] make: *** [Makefile:141: all] Error 2
[2.550s] Invoked command in '/home/user/ros2_ws/src/citylab_project/build/robot_patrol' returned '2': CMAKE_PREFIX_PATH=${CMAKE_PREFIX_PATH}:/opt/ros/foxy _=/usr/bin/env /usr/bin/cmake --build /home/user/ros2_ws/src/citylab_project/build/robot_patrol -- -j8 -l8
