[0.035s] Invoking command in '/home/user/ros2_ws/src/citylab_project/build/robot_patrol': CMAKE_PREFIX_PATH=${CMAKE_PREFIX_PATH}:/opt/ros/foxy _=/usr/bin/env /usr/bin/cmake --build /home/user/ros2_ws/src/citylab_project/build/robot_patrol -- -j8 -l8
[0.147s] [35m[1mScanning dependencies of target patrol_node[0m
[0.214s] [ 33%] [32mBuilding CXX object CMakeFiles/patrol_node.dir/src/patrol.cpp.o[0m
[2.108s] [01m[K/home/user/ros2_ws/src/citylab_project/src/robot_patrol/src/patrol.cpp:[m[K In member function '[01m[Kvoid Patrol::laserscanCallBack(sensor_msgs::msg::LaserScan_<std::allocator<void> >::SharedPtr)[m[K':
[2.108s] [01m[K/home/user/ros2_ws/src/citylab_project/src/robot_patrol/src/patrol.cpp:46:28:[m[K [01;31m[Kerror: [m[Kqualified-id in declaration before '[01m[K([m[K' token
[2.108s]    46 | void Patrol::cmdvelCallBack[01;31m[K([m[K)
[2.109s]       |                            [01;31m[K^[m[K
[2.109s] [01m[K/home/user/ros2_ws/src/citylab_project/src/robot_patrol/src/patrol.cpp:58:1:[m[K [01;31m[Kerror: [m[Kexpected '[01m[K}[m[K' at end of input
[2.109s]    58 | [01;31m[K}[m[K
[2.109s]       | [01;31m[K^[m[K
[2.109s] [01m[K/home/user/ros2_ws/src/citylab_project/src/robot_patrol/src/patrol.cpp:20:1:[m[K [01;36m[Knote: [m[Kto match this '[01m[K{[m[K'
[2.109s]    20 | [01;36m[K{[m[K
[2.109s]       | [01;36m[K^[m[K
[4.331s] make[2]: *** [CMakeFiles/patrol_node.dir/build.make:76: CMakeFiles/patrol_node.dir/src/patrol.cpp.o] Error 1
[4.331s] make[1]: *** [CMakeFiles/Makefile2:78: CMakeFiles/patrol_node.dir/all] Error 2
[4.331s] make: *** [Makefile:141: all] Error 2
[4.333s] Invoked command in '/home/user/ros2_ws/src/citylab_project/build/robot_patrol' returned '2': CMAKE_PREFIX_PATH=${CMAKE_PREFIX_PATH}:/opt/ros/foxy _=/usr/bin/env /usr/bin/cmake --build /home/user/ros2_ws/src/citylab_project/build/robot_patrol -- -j8 -l8
