[0.038s] Invoking command in '/home/user/ros2_ws/src/citylab_project/build/robot_patrol': CMAKE_PREFIX_PATH=${CMAKE_PREFIX_PATH}:/opt/ros/foxy _=/usr/bin/env /usr/bin/cmake --build /home/user/ros2_ws/src/citylab_project/build/robot_patrol -- -j8 -l8
[0.121s] [35m[1mScanning dependencies of target patrol_node[0m
[0.210s] [ 33%] [32mBuilding CXX object CMakeFiles/patrol_node.dir/src/patrol.cpp.o[0m
[2.045s] [01m[K/home/user/ros2_ws/src/citylab_project/src/robot_patrol/src/patrol.cpp:[m[K In member function '[01m[Kvoid Patrol::laserscanCallBack(sensor_msgs::msg::LaserScan_<std::allocator<void> >::SharedPtr)[m[K':
[2.046s] [01m[K/home/user/ros2_ws/src/citylab_project/src/robot_patrol/src/patrol.cpp:43:17:[m[K [01;31m[Kerror: [m[K'[01m[Kok[m[K' was not declared in this scope; did you mean '[01m[Krclcpp::ok[m[K'?
[2.046s]    43 |                 [01;31m[Kok[m[K = false;
[2.046s]       |                 [01;31m[K^~[m[K
[2.047s]       |                 [32m[Krclcpp::ok[m[K
[2.047s] In file included from [01m[K/opt/ros/foxy/include/rclcpp/client.hpp:36[m[K,
[2.047s]                  from [01m[K/opt/ros/foxy/include/rclcpp/callback_group.hpp:23[m[K,
[2.047s]                  from [01m[K/opt/ros/foxy/include/rclcpp/any_executable.hpp:20[m[K,
[2.047s]                  from [01m[K/opt/ros/foxy/include/rclcpp/memory_strategy.hpp:24[m[K,
[2.048s]                  from [01m[K/opt/ros/foxy/include/rclcpp/memory_strategies.hpp:18[m[K,
[2.048s]                  from [01m[K/opt/ros/foxy/include/rclcpp/executor_options.hpp:20[m[K,
[2.048s]                  from [01m[K/opt/ros/foxy/include/rclcpp/executor.hpp:33[m[K,
[2.048s]                  from [01m[K/opt/ros/foxy/include/rclcpp/executors/multi_threaded_executor.hpp:26[m[K,
[2.048s]                  from [01m[K/opt/ros/foxy/include/rclcpp/executors.hpp:21[m[K,
[2.048s]                  from [01m[K/opt/ros/foxy/include/rclcpp/rclcpp.hpp:146[m[K,
[2.048s]                  from [01m[K/home/user/ros2_ws/src/citylab_project/src/robot_patrol/include/patrol.h:2[m[K,
[2.048s]                  from [01m[K/home/user/ros2_ws/src/citylab_project/src/robot_patrol/src/patrol.cpp:1[m[K:
[2.049s] [01m[K/opt/ros/foxy/include/rclcpp/utilities.hpp:144:1:[m[K [01;36m[Knote: [m[K'[01m[Krclcpp::ok[m[K' declared here
[2.049s]   144 | [01;36m[Kok[m[K(rclcpp::Context::SharedPtr context = nullptr);
[2.049s]       | [01;36m[K^~[m[K
[2.049s] [01m[K/home/user/ros2_ws/src/citylab_project/src/robot_patrol/src/patrol.cpp:47:13:[m[K [01;31m[Kerror: [m[K'[01m[Kok[m[K' was not declared in this scope; did you mean '[01m[Krclcpp::ok[m[K'?
[2.049s]    47 |         if ([01;31m[Kok[m[K)
[2.049s]       |             [01;31m[K^~[m[K
[2.049s]       |             [32m[Krclcpp::ok[m[K
[2.050s] In file included from [01m[K/opt/ros/foxy/include/rclcpp/client.hpp:36[m[K,
[2.050s]                  from [01m[K/opt/ros/foxy/include/rclcpp/callback_group.hpp:23[m[K,
[2.050s]                  from [01m[K/opt/ros/foxy/include/rclcpp/any_executable.hpp:20[m[K,
[2.050s]                  from [01m[K/opt/ros/foxy/include/rclcpp/memory_strategy.hpp:24[m[K,
[2.050s]                  from [01m[K/opt/ros/foxy/include/rclcpp/memory_strategies.hpp:18[m[K,
[2.050s]                  from [01m[K/opt/ros/foxy/include/rclcpp/executor_options.hpp:20[m[K,
[2.050s]                  from [01m[K/opt/ros/foxy/include/rclcpp/executor.hpp:33[m[K,
[2.050s]                  from [01m[K/opt/ros/foxy/include/rclcpp/executors/multi_threaded_executor.hpp:26[m[K,
[2.051s]                  from [01m[K/opt/ros/foxy/include/rclcpp/executors.hpp:21[m[K,
[2.051s]                  from [01m[K/opt/ros/foxy/include/rclcpp/rclcpp.hpp:146[m[K,
[2.051s]                  from [01m[K/home/user/ros2_ws/src/citylab_project/src/robot_patrol/include/patrol.h:2[m[K,
[2.051s]                  from [01m[K/home/user/ros2_ws/src/citylab_project/src/robot_patrol/src/patrol.cpp:1[m[K:
[2.051s] [01m[K/opt/ros/foxy/include/rclcpp/utilities.hpp:144:1:[m[K [01;36m[Knote: [m[K'[01m[Krclcpp::ok[m[K' declared here
[2.051s]   144 | [01;36m[Kok[m[K(rclcpp::Context::SharedPtr context = nullptr);
[2.051s]       | [01;36m[K^~[m[K
[2.051s] [01m[K/home/user/ros2_ws/src/citylab_project/src/robot_patrol/src/patrol.cpp:53:9:[m[K [01;31m[Kerror: [m[K'[01m[Kok[m[K' was not declared in this scope; did you mean '[01m[Krclcpp::ok[m[K'?
[2.052s]    53 |         [01;31m[Kok[m[K = true;
[2.052s]       |         [01;31m[K^~[m[K
[2.052s]       |         [32m[Krclcpp::ok[m[K
[2.052s] In file included from [01m[K/opt/ros/foxy/include/rclcpp/client.hpp:36[m[K,
[2.052s]                  from [01m[K/opt/ros/foxy/include/rclcpp/callback_group.hpp:23[m[K,
[2.052s]                  from [01m[K/opt/ros/foxy/include/rclcpp/any_executable.hpp:20[m[K,
[2.052s]                  from [01m[K/opt/ros/foxy/include/rclcpp/memory_strategy.hpp:24[m[K,
[2.053s]                  from [01m[K/opt/ros/foxy/include/rclcpp/memory_strategies.hpp:18[m[K,
[2.053s]                  from [01m[K/opt/ros/foxy/include/rclcpp/executor_options.hpp:20[m[K,
[2.053s]                  from [01m[K/opt/ros/foxy/include/rclcpp/executor.hpp:33[m[K,
[2.053s]                  from [01m[K/opt/ros/foxy/include/rclcpp/executors/multi_threaded_executor.hpp:26[m[K,
[2.053s]                  from [01m[K/opt/ros/foxy/include/rclcpp/executors.hpp:21[m[K,
[2.053s]                  from [01m[K/opt/ros/foxy/include/rclcpp/rclcpp.hpp:146[m[K,
[2.053s]                  from [01m[K/home/user/ros2_ws/src/citylab_project/src/robot_patrol/include/patrol.h:2[m[K,
[2.053s]                  from [01m[K/home/user/ros2_ws/src/citylab_project/src/robot_patrol/src/patrol.cpp:1[m[K:
[2.054s] [01m[K/opt/ros/foxy/include/rclcpp/utilities.hpp:144:1:[m[K [01;36m[Knote: [m[K'[01m[Krclcpp::ok[m[K' declared here
[2.054s]   144 | [01;36m[Kok[m[K(rclcpp::Context::SharedPtr context = nullptr);
[2.054s]       | [01;36m[K^~[m[K
[4.240s] make[2]: *** [CMakeFiles/patrol_node.dir/build.make:76: CMakeFiles/patrol_node.dir/src/patrol.cpp.o] Error 1
[4.240s] make[1]: *** [CMakeFiles/Makefile2:78: CMakeFiles/patrol_node.dir/all] Error 2
[4.241s] make: *** [Makefile:141: all] Error 2
[4.243s] Invoked command in '/home/user/ros2_ws/src/citylab_project/build/robot_patrol' returned '2': CMAKE_PREFIX_PATH=${CMAKE_PREFIX_PATH}:/opt/ros/foxy _=/usr/bin/env /usr/bin/cmake --build /home/user/ros2_ws/src/citylab_project/build/robot_patrol -- -j8 -l8
