[ 33%] [32mBuilding CXX object CMakeFiles/patrol_node.dir/src/patrol_node.cpp.o[0m
[ 66%] [32mBuilding CXX object CMakeFiles/patrol_node.dir/src/patrol.cpp.o[0m
In file included from [01m[K/home/user/ros2_ws/src/citylab_project/src/robot_patrol/src/patrol.cpp:1[m[K:
[01m[K/home/user/ros2_ws/src/citylab_project/src/robot_patrol/include/patrol.h:2:10:[m[K [01;31m[Kfatal error: [m[Ksensor_msgs/msg/LaserScan.hpp: No such file or directory
    2 | #include [01;31m[K"sensor_msgs/msg/LaserScan.hpp"[m[K
      |          [01;31m[K^~~~~~~~~~~~~~~~~~~~~~~~~~~~~~~[m[K
In file included from [01m[K/home/user/ros2_ws/src/citylab_project/src/robot_patrol/src/patrol_node.cpp:1[m[K:
[01m[K/home/user/ros2_ws/src/citylab_project/src/robot_patrol/include/patrol.h:2:10:[m[K [01;31m[Kfatal error: [m[Ksensor_msgs/msg/LaserScan.hpp: No such file or directory
    2 | #include [01;31m[K"sensor_msgs/msg/LaserScan.hpp"[m[K
      |          [01;31m[K^~~~~~~~~~~~~~~~~~~~~~~~~~~~~~~[m[K
compilation terminated.
compilation terminated.
make[2]: *** [CMakeFiles/patrol_node.dir/build.make:76: CMakeFiles/patrol_node.dir/src/patrol.cpp.o] Error 1
make[2]: *** Waiting for unfinished jobs....
make[2]: *** [CMakeFiles/patrol_node.dir/build.make:63: CMakeFiles/patrol_node.dir/src/patrol_node.cpp.o] Error 1
make[1]: *** [CMakeFiles/Makefile2:78: CMakeFiles/patrol_node.dir/all] Error 2
make: *** [Makefile:141: all] Error 2
