[0.019s] Invoking command in '/home/user/ros2_ws/src/citylab_project/build/robot_patrol': CMAKE_PREFIX_PATH=${CMAKE_PREFIX_PATH}:/opt/ros/foxy _=/usr/bin/env /usr/bin/cmake --build /home/user/ros2_ws/src/citylab_project/build/robot_patrol -- -j8 -l8
[0.051s] -- Found ament_cmake: 0.9.9 (/opt/ros/foxy/share/ament_cmake/cmake)
[0.079s] -- Using PYTHON_EXECUTABLE: /usr/bin/python3
[0.342s] -- Found rclcpp: 2.4.0 (/opt/ros/foxy/share/rclcpp/cmake)
[0.389s] -- Using all available rosidl_typesupport_c: rosidl_typesupport_fastrtps_c;rosidl_typesupport_introspection_c
[0.393s] -- Found rosidl_adapter: 1.2.1 (/opt/ros/foxy/share/rosidl_adapter/cmake)
[0.605s] -- Using all available rosidl_typesupport_cpp: rosidl_typesupport_fastrtps_cpp;rosidl_typesupport_introspection_cpp
[0.668s] -- Found rmw_implementation_cmake: 1.0.3 (/opt/ros/foxy/share/rmw_implementation_cmake/cmake)
[0.670s] -- Using RMW implementation 'rmw_fastrtps_cpp' as default
[0.858s] -- Found sensor_msgs: 2.0.4 (/opt/ros/foxy/share/sensor_msgs/cmake)
[1.040s] -- Found ament_lint_auto: 0.9.6 (/opt/ros/foxy/share/ament_lint_auto/cmake)
[1.119s] -- Added test 'copyright' to check source files copyright and LICENSE
[1.120s] -- Added test 'cppcheck' to perform static code analysis on C / C++ code
[1.120s] -- Configured cppcheck include dirs: /home/user/ros2_ws/src/citylab_project/src/robot_patrol/include
[1.120s] -- Configured cppcheck exclude dirs and/or files: 
[1.121s] -- Added test 'cpplint' to check C / C++ code against the Google style
[1.122s] -- Configured cpplint exclude dirs and/or files: 
[1.122s] -- Added test 'flake8' to check Python code syntax and style conventions
[1.123s] -- Added test 'lint_cmake' to check CMake code style
[1.123s] -- Added test 'pep257' to check Python code against some of the style conventions in PEP 257
[1.125s] -- Added test 'uncrustify' to check C / C++ code style
[1.125s] -- Configured uncrustify additional arguments: 
[1.125s] -- Added test 'xmllint' to check XML markup files
[1.129s] -- Configuring done
[1.140s] -- Generating done
[1.142s] -- Build files have been written to: /home/user/ros2_ws/src/citylab_project/build/robot_patrol
[1.186s] [ 33%] [32mBuilding CXX object CMakeFiles/patrol_node.dir/src/patrol_node.cpp.o[0m
[1.187s] [ 66%] [32mBuilding CXX object CMakeFiles/patrol_node.dir/src/patrol.cpp.o[0m
[2.775s] In file included from [01m[K/home/user/ros2_ws/src/citylab_project/src/robot_patrol/src/patrol_node.cpp:1[m[K:
[2.775s] [01m[K/home/user/ros2_ws/src/citylab_project/src/robot_patrol/include/patrol.h:11:38:[m[K [01;31m[Kerror: [m[K'[01m[KInt32[m[K' is not a member of '[01m[Kstd_msgs::msg[m[K'
[2.775s]    11 |     rclcpp::Publisher<std_msgs::msg::[01;31m[KInt32[m[K>::SharedPtr publisher_cmdvel_;
[2.775s]       |                                      [01;31m[K^~~~~[m[K
[2.775s] [01m[K/home/user/ros2_ws/src/citylab_project/src/robot_patrol/include/patrol.h:11:38:[m[K [01;31m[Kerror: [m[K'[01m[KInt32[m[K' is not a member of '[01m[Kstd_msgs::msg[m[K'
[2.775s] [01m[K/home/user/ros2_ws/src/citylab_project/src/robot_patrol/include/patrol.h:11:43:[m[K [01;31m[Kerror: [m[Ktemplate argument 1 is invalid
[2.775s]    11 |     rclcpp::Publisher<std_msgs::msg::Int32[01;31m[K>[m[K::SharedPtr publisher_cmdvel_;
[2.776s]       |                                           [01;31m[K^[m[K
[2.776s] [01m[K/home/user/ros2_ws/src/citylab_project/src/robot_patrol/include/patrol.h:11:46:[m[K [01;31m[Kerror: [m[Kexpected '[01m[K;[m[K' at end of member declaration
[2.776s]    11 |     rclcpp::Publisher<std_msgs::msg::Int32>::[01;31m[KSharedPtr[m[K publisher_cmdvel_;
[2.776s]       |                                              [01;31m[K^~~~~~~~~[m[K
[2.776s]       |                                                       [32m[K;[m[K
[2.778s] [01m[K/home/user/ros2_ws/src/citylab_project/src/robot_patrol/include/patrol.h:11:56:[m[K [01;31m[Kerror: [m[K'[01m[Kpublisher_cmdvel_[m[K' does not name a type
[2.779s]    11 |     rclcpp::Publisher<std_msgs::msg::Int32>::SharedPtr [01;31m[Kpublisher_cmdvel_[m[K;
[2.779s]       |                                                        [01;31m[K^~~~~~~~~~~~~~~~~[m[K
[2.782s] In file included from [01m[K/home/user/ros2_ws/src/citylab_project/src/robot_patrol/src/patrol.cpp:1[m[K:
[2.782s] [01m[K/home/user/ros2_ws/src/citylab_project/src/robot_patrol/include/patrol.h:11:38:[m[K [01;31m[Kerror: [m[K'[01m[KInt32[m[K' is not a member of '[01m[Kstd_msgs::msg[m[K'
[2.782s]    11 |     rclcpp::Publisher<std_msgs::msg::[01;31m[KInt32[m[K>::SharedPtr publisher_cmdvel_;
[2.782s]       |                                      [01;31m[K^~~~~[m[K
[2.782s] [01m[K/home/user/ros2_ws/src/citylab_project/src/robot_patrol/include/patrol.h:11:38:[m[K [01;31m[Kerror: [m[K'[01m[KInt32[m[K' is not a member of '[01m[Kstd_msgs::msg[m[K'
[2.782s] [01m[K/home/user/ros2_ws/src/citylab_project/src/robot_patrol/include/patrol.h:11:43:[m[K [01;31m[Kerror: [m[Ktemplate argument 1 is invalid
[2.783s]    11 |     rclcpp::Publisher<std_msgs::msg::Int32[01;31m[K>[m[K::SharedPtr publisher_cmdvel_;
[2.783s]       |                                           [01;31m[K^[m[K
[2.783s] [01m[K/home/user/ros2_ws/src/citylab_project/src/robot_patrol/include/patrol.h:11:46:[m[K [01;31m[Kerror: [m[Kexpected '[01m[K;[m[K' at end of member declaration
[2.783s]    11 |     rclcpp::Publisher<std_msgs::msg::Int32>::[01;31m[KSharedPtr[m[K publisher_cmdvel_;
[2.783s]       |                                              [01;31m[K^~~~~~~~~[m[K
[2.783s]       |                                                       [32m[K;[m[K
[2.787s] [01m[K/home/user/ros2_ws/src/citylab_project/src/robot_patrol/include/patrol.h:11:56:[m[K [01;31m[Kerror: [m[K'[01m[Kpublisher_cmdvel_[m[K' does not name a type
[2.787s]    11 |     rclcpp::Publisher<std_msgs::msg::Int32>::SharedPtr [01;31m[Kpublisher_cmdvel_[m[K;
[2.787s]       |                                                        [01;31m[K^~~~~~~~~~~~~~~~~[m[K
[2.790s] [01m[K/home/user/ros2_ws/src/citylab_project/src/robot_patrol/src/patrol.cpp:[m[K In constructor '[01m[KPatrol::Patrol()[m[K':
[2.790s] [01m[K/home/user/ros2_ws/src/citylab_project/src/robot_patrol/src/patrol.cpp:11:39:[m[K [01;31m[Kerror: [m[K'[01m[KlaserscanCallBack[m[K' is not a member of '[01m[KPatrol[m[K'
[2.790s]    11 |       "/scan", 10, std::bind(&Patrol::[01;31m[KlaserscanCallBack[m[K, this, _1), callback_group);
[2.790s]       |                                       [01;31m[K^~~~~~~~~~~~~~~~~[m[K
[2.790s] [01m[K/home/user/ros2_ws/src/citylab_project/src/robot_patrol/src/patrol.cpp:11:64:[m[K [01;31m[Kerror: [m[K'[01m[K_1[m[K' was not declared in this scope; did you mean '[01m[Kstd::placeholders::_1[m[K'?
[2.791s]    11 |       "/scan", 10, std::bind(&Patrol::laserscanCallBack, this, [01;31m[K_1[m[K), callback_group);
[2.791s]       |                                                                [01;31m[K^~[m[K
[2.791s]       |                                                                [32m[Kstd::placeholders::_1[m[K
[2.791s] In file included from [01m[K/opt/ros/foxy/include/rclcpp/context.hpp:19[m[K,
[2.791s]                  from [01m[K/opt/ros/foxy/include/rclcpp/contexts/default_context.hpp:18[m[K,
[2.791s]                  from [01m[K/opt/ros/foxy/include/rclcpp/executor.hpp:32[m[K,
[2.791s]                  from [01m[K/opt/ros/foxy/include/rclcpp/executors/multi_threaded_executor.hpp:26[m[K,
[2.792s]                  from [01m[K/opt/ros/foxy/include/rclcpp/executors.hpp:21[m[K,
[2.792s]                  from [01m[K/opt/ros/foxy/include/rclcpp/rclcpp.hpp:146[m[K,
[2.792s]                  from [01m[K/home/user/ros2_ws/src/citylab_project/src/robot_patrol/include/patrol.h:1[m[K,
[2.792s]                  from [01m[K/home/user/ros2_ws/src/citylab_project/src/robot_patrol/src/patrol.cpp:1[m[K:
[2.792s] [01m[K/usr/include/c++/9/functional:211:34:[m[K [01;36m[Knote: [m[K'[01m[Kstd::placeholders::_1[m[K' declared here
[2.792s]   211 |     extern const _Placeholder<1> [01;36m[K_1[m[K;
[2.792s]       |                                  [01;36m[K^~[m[K
[2.792s] [01m[K/home/user/ros2_ws/src/citylab_project/src/robot_patrol/src/patrol.cpp:11:69:[m[K [01;31m[Kerror: [m[K'[01m[Kcallback_group[m[K' was not declared in this scope; did you mean '[01m[Krclcpp::callback_group[m[K'?
[2.793s]    11 |       "/scan", 10, std::bind(&Patrol::laserscanCallBack, this, _1), [01;31m[Kcallback_group[m[K);
[2.793s]       |                                                                     [01;31m[K^~~~~~~~~~~~~~[m[K
[2.793s]       |                                                                     [32m[Krclcpp::callback_group[m[K
[2.793s] In file included from [01m[K/opt/ros/foxy/include/rclcpp/any_executable.hpp:20[m[K,
[2.793s]                  from [01m[K/opt/ros/foxy/include/rclcpp/memory_strategy.hpp:24[m[K,
[2.793s]                  from [01m[K/opt/ros/foxy/include/rclcpp/memory_strategies.hpp:18[m[K,
[2.793s]                  from [01m[K/opt/ros/foxy/include/rclcpp/executor_options.hpp:20[m[K,
[2.793s]                  from [01m[K/opt/ros/foxy/include/rclcpp/executor.hpp:33[m[K,
[2.794s]                  from [01m[K/opt/ros/foxy/include/rclcpp/executors/multi_threaded_executor.hpp:26[m[K,
[2.794s]                  from [01m[K/opt/ros/foxy/include/rclcpp/executors.hpp:21[m[K,
[2.794s]                  from [01m[K/opt/ros/foxy/include/rclcpp/rclcpp.hpp:146[m[K,
[2.794s]                  from [01m[K/home/user/ros2_ws/src/citylab_project/src/robot_patrol/include/patrol.h:1[m[K,
[2.794s]                  from [01m[K/home/user/ros2_ws/src/citylab_project/src/robot_patrol/src/patrol.cpp:1[m[K:
[2.794s] [01m[K/opt/ros/foxy/include/rclcpp/callback_group.hpp:162:11:[m[K [01;36m[Knote: [m[K'[01m[Krclcpp::callback_group[m[K' declared here
[2.794s]   162 | namespace [01;36m[Kcallback_group[m[K
[2.794s]       |           [01;36m[K^~~~~~~~~~~~~~[m[K
[2.796s] [01m[K/home/user/ros2_ws/src/citylab_project/src/robot_patrol/src/patrol.cpp:13:5:[m[K [01;31m[Kerror: [m[K'[01m[Kpublisher_cmdvel_[m[K' was not declared in this scope
[2.797s]    13 |     [01;31m[Kpublisher_cmdvel_[m[K = this->create_publisher<geometry_msgs::msg::Twist>("/cmd_vel", 10);
[2.797s]       |     [01;31m[K^~~~~~~~~~~~~~~~~[m[K
[2.800s] [01m[K/home/user/ros2_ws/src/citylab_project/src/robot_patrol/src/patrol.cpp:13:48:[m[K [01;31m[Kerror: [m[K'[01m[Kgeometry_msgs[m[K' was not declared in this scope
[2.800s]    13 |     publisher_cmdvel_ = this->create_publisher<[01;31m[Kgeometry_msgs[m[K::msg::Twist>("/cmd_vel", 10);
[2.800s]       |                                                [01;31m[K^~~~~~~~~~~~~[m[K
[2.800s] [01m[K/home/user/ros2_ws/src/citylab_project/src/robot_patrol/src/patrol.cpp:13:31:[m[K [01;31m[Kerror: [m[Kparse error in template argument list
[2.800s]    13 |     publisher_cmdvel_ = this->[01;31m[Kcreate_publisher<geometry_msgs::msg::Twist>[m[K("/cmd_vel", 10);
[2.800s]       |                               [01;31m[K^~~~~~~~~~~~~~~~~~~~~~~~~~~~~~~~~~~~~~~~~~~[m[K
[2.801s] [01m[K/home/user/ros2_ws/src/citylab_project/src/robot_patrol/src/patrol.cpp:13:89:[m[K [01;31m[Kerror: [m[Kno matching function for call to '[01m[KPatrol::create_publisher<<expression error> >(const char [9], int)[m[K'
[2.801s]    13 |     publisher_cmdvel_ = this->create_publisher<geometry_msgs::msg::Twist>("/cmd_vel", 10[01;31m[K)[m[K;
[2.801s]       |                                                                                         [01;31m[K^[m[K
[2.801s] In file included from [01m[K/opt/ros/foxy/include/rclcpp/executors/single_threaded_executor.hpp:28[m[K,
[2.801s]                  from [01m[K/opt/ros/foxy/include/rclcpp/executors.hpp:22[m[K,
[2.801s]                  from [01m[K/opt/ros/foxy/include/rclcpp/rclcpp.hpp:146[m[K,
[2.801s]                  from [01m[K/home/user/ros2_ws/src/citylab_project/src/robot_patrol/include/patrol.h:1[m[K,
[2.802s]                  from [01m[K/home/user/ros2_ws/src/citylab_project/src/robot_patrol/src/patrol.cpp:1[m[K:
[2.802s] [01m[K/opt/ros/foxy/include/rclcpp/node.hpp:184:3:[m[K [01;36m[Knote: [m[Kcandidate: '[01m[Ktemplate<class MessageT, class AllocatorT, class PublisherT> std::shared_ptr<PublisherT> rclcpp::Node::create_publisher(const string&, const rclcpp::QoS&, const rclcpp::PublisherOptionsWithAllocator<AllocatorT>&)[m[K'
[2.802s]   184 |   [01;36m[Kcreate_publisher[m[K(
[2.802s]       |   [01;36m[K^~~~~~~~~~~~~~~~[m[K
[2.802s] [01m[K/opt/ros/foxy/include/rclcpp/node.hpp:184:3:[m[K [01;36m[Knote: [m[K  template argument deduction/substitution failed:
[2.802s] [01m[K/home/user/ros2_ws/src/citylab_project/src/robot_patrol/src/patrol.cpp:13:89:[m[K [01;31m[Kerror: [m[Ktemplate argument 1 is invalid
[2.802s]    13 |     publisher_cmdvel_ = this->create_publisher<geometry_msgs::msg::Twist>("/cmd_vel", 10[01;31m[K)[m[K;
[2.803s]       |                                                                                         [01;31m[K^[m[K
[2.803s] [01m[K/home/user/ros2_ws/src/citylab_project/src/robot_patrol/src/patrol.cpp:14:38:[m[K [01;31m[Kerror: [m[Kunable to find numeric literal operator '[01m[Koperator""ms[m[K'
[2.803s]    14 |     timer_ = this->create_wall_timer([01;31m[K100ms[m[K, std::bind(&Patrol::cmdvelCallBack, this), callback_group_);
[2.803s]       |                                      [01;31m[K^~~~~[m[K
[2.808s] [01m[K/home/user/ros2_ws/src/citylab_project/src/robot_patrol/src/patrol.cpp:[m[K At global scope:
[2.808s] [01m[K/home/user/ros2_ws/src/citylab_project/src/robot_patrol/src/patrol.cpp:19:75:[m[K [01;31m[Kerror: [m[KISO C++ forbids declaration of '[01m[KlaserscanCallBack[m[K' with no type [[01;31m[K-fpermissive[m[K]
[2.808s]    19 | Patrol::laserscanCallBack(const sensor_msgs::msg::LaserScan::SharedPtr msg[01;31m[K)[m[K
[2.808s]       |                                                                           [01;31m[K^[m[K
[2.809s] [01m[K/home/user/ros2_ws/src/citylab_project/src/robot_patrol/src/patrol.cpp:19:1:[m[K [01;31m[Kerror: [m[Kno declaration matches '[01m[Kint Patrol::laserscanCallBack(sensor_msgs::msg::LaserScan_<std::allocator<void> >::SharedPtr)[m[K'
[2.809s]    19 | [01;31m[KPatrol[m[K::laserscanCallBack(const sensor_msgs::msg::LaserScan::SharedPtr msg)
[2.809s]       | [01;31m[K^~~~~~[m[K
[2.809s] [01m[K/home/user/ros2_ws/src/citylab_project/src/robot_patrol/src/patrol.cpp:19:1:[m[K [01;36m[Knote: [m[Kno functions named '[01m[Kint Patrol::laserscanCallBack(sensor_msgs::msg::LaserScan_<std::allocator<void> >::SharedPtr)[m[K'
[2.809s] In file included from [01m[K/home/user/ros2_ws/src/citylab_project/src/robot_patrol/src/patrol.cpp:1[m[K:
[2.809s] [01m[K/home/user/ros2_ws/src/citylab_project/src/robot_patrol/include/patrol.h:4:7:[m[K [01;36m[Knote: [m[K'[01m[Kclass Patrol[m[K' defined here
[2.809s]     4 | class [01;36m[KPatrol[m[K : public rclcpp::Node
[2.809s]       |       [01;36m[K^~~~~~[m[K
[2.810s] [01m[K/home/user/ros2_ws/src/citylab_project/src/robot_patrol/src/patrol.cpp:[m[K In member function '[01m[Kvoid Patrol::cmdvelCallBack()[m[K':
[2.810s] [01m[K/home/user/ros2_ws/src/citylab_project/src/robot_patrol/src/patrol.cpp:47:20:[m[K [01;31m[Kerror: [m[K'[01m[Kgeometry_msgs[m[K' has not been declared
[2.810s]    47 |     auto message = [01;31m[Kgeometry_msgs[m[K::msg::Twist();
[2.810s]       |                    [01;31m[K^~~~~~~~~~~~~[m[K
[2.813s] [01m[K/home/user/ros2_ws/src/citylab_project/src/robot_patrol/src/patrol.cpp:56:5:[m[K [01;31m[Kerror: [m[K'[01m[Kpublisher_cmdvel_[m[K' was not declared in this scope
[2.813s]    56 |     [01;31m[Kpublisher_cmdvel_[m[K->publish(message);
[2.813s]       |     [01;31m[K^~~~~~~~~~~~~~~~~[m[K
[3.191s] make[2]: *** [CMakeFiles/patrol_node.dir/build.make:63: CMakeFiles/patrol_node.dir/src/patrol_node.cpp.o] Error 1
[3.191s] make[2]: *** Waiting for unfinished jobs....
[3.219s] make[2]: *** [CMakeFiles/patrol_node.dir/build.make:76: CMakeFiles/patrol_node.dir/src/patrol.cpp.o] Error 1
[3.219s] make[1]: *** [CMakeFiles/Makefile2:78: CMakeFiles/patrol_node.dir/all] Error 2
[3.219s] make: *** [Makefile:141: all] Error 2
[3.221s] Invoked command in '/home/user/ros2_ws/src/citylab_project/build/robot_patrol' returned '2': CMAKE_PREFIX_PATH=${CMAKE_PREFIX_PATH}:/opt/ros/foxy _=/usr/bin/env /usr/bin/cmake --build /home/user/ros2_ws/src/citylab_project/build/robot_patrol -- -j8 -l8
