[0.035s] Invoking command in '/home/user/ros2_ws/src/citylab_project/build/robot_patrol': CMAKE_PREFIX_PATH=${CMAKE_PREFIX_PATH}:/opt/ros/foxy _=/usr/bin/env /usr/bin/cmake /home/user/ros2_ws/src/citylab_project/src/robot_patrol -DCMAKE_INSTALL_PREFIX=/home/user/ros2_ws/src/citylab_project/install/robot_patrol
[14.246s] -- The C compiler identification is GNU 9.3.0
[18.660s] -- The CXX compiler identification is GNU 9.3.0
[18.785s] -- Check for working C compiler: /usr/bin/cc
[19.212s] -- Check for working C compiler: /usr/bin/cc -- works
[19.215s] -- Detecting C compiler ABI info
[19.303s] -- Detecting C compiler ABI info - done
[19.317s] -- Detecting C compile features
[19.410s] -- Detecting C compile features - done
[19.416s] -- Check for working CXX compiler: /usr/bin/c++
[19.511s] -- Check for working CXX compiler: /usr/bin/c++ -- works
[19.512s] -- Detecting CXX compiler ABI info
[19.608s] -- Detecting CXX compiler ABI info - done
[19.623s] -- Detecting CXX compile features
[19.623s] -- Detecting CXX compile features - done
[19.647s] -- Found ament_cmake: 0.9.9 (/opt/ros/foxy/share/ament_cmake/cmake)
[19.792s] -- Found PythonInterp: /usr/bin/python3 (found suitable version "3.8.10", minimum required is "3") 
[19.792s] -- Using PYTHON_EXECUTABLE: /usr/bin/python3
[20.302s] -- Found rclcpp: 2.4.0 (/opt/ros/foxy/share/rclcpp/cmake)
[20.480s] -- Using all available rosidl_typesupport_c: rosidl_typesupport_fastrtps_c;rosidl_typesupport_introspection_c
[20.511s] -- Found rosidl_adapter: 1.2.1 (/opt/ros/foxy/share/rosidl_adapter/cmake)
[22.445s] -- Found OpenSSL: /usr/lib/x86_64-linux-gnu/libcrypto.so (found version "1.1.1f")  
[22.566s] -- Found FastRTPS: /opt/ros/foxy/include  
[22.765s] -- Using all available rosidl_typesupport_cpp: rosidl_typesupport_fastrtps_cpp;rosidl_typesupport_introspection_cpp
[23.037s] -- Found rmw_implementation_cmake: 1.0.3 (/opt/ros/foxy/share/rmw_implementation_cmake/cmake)
[23.045s] -- Using RMW implementation 'rmw_fastrtps_cpp' as default
[23.049s] -- Looking for pthread.h
[23.557s] -- Looking for pthread.h - found
[23.557s] -- Performing Test CMAKE_HAVE_LIBC_PTHREAD
[23.646s] -- Performing Test CMAKE_HAVE_LIBC_PTHREAD - Failed
[23.646s] -- Looking for pthread_create in pthreads
[23.720s] -- Looking for pthread_create in pthreads - not found
[23.720s] -- Looking for pthread_create in pthread
[23.804s] -- Looking for pthread_create in pthread - found
[23.806s] -- Found Threads: TRUE  
[24.171s] -- Found ament_lint_auto: 0.9.6 (/opt/ros/foxy/share/ament_lint_auto/cmake)
[24.338s] -- Added test 'copyright' to check source files copyright and LICENSE
[24.340s] -- Added test 'cppcheck' to perform static code analysis on C / C++ code
[24.340s] -- Configured cppcheck include dirs: 
[24.341s] -- Configured cppcheck exclude dirs and/or files: 
[24.343s] -- Added test 'cpplint' to check C / C++ code against the Google style
[24.343s] -- Configured cpplint exclude dirs and/or files: 
[24.345s] -- Added test 'lint_cmake' to check CMake code style
[24.348s] -- Added test 'uncrustify' to check C / C++ code style
[24.348s] -- Configured uncrustify additional arguments: 
[24.350s] -- Added test 'xmllint' to check XML markup files
[24.356s] -- Configuring done
[24.366s] -- Generating done
[24.369s] -- Build files have been written to: /home/user/ros2_ws/src/citylab_project/build/robot_patrol
[24.379s] Invoked command in '/home/user/ros2_ws/src/citylab_project/build/robot_patrol' returned '0': CMAKE_PREFIX_PATH=${CMAKE_PREFIX_PATH}:/opt/ros/foxy _=/usr/bin/env /usr/bin/cmake /home/user/ros2_ws/src/citylab_project/src/robot_patrol -DCMAKE_INSTALL_PREFIX=/home/user/ros2_ws/src/citylab_project/install/robot_patrol
[24.382s] Invoking command in '/home/user/ros2_ws/src/citylab_project/build/robot_patrol': CMAKE_PREFIX_PATH=${CMAKE_PREFIX_PATH}:/opt/ros/foxy _=/usr/bin/env /usr/bin/cmake --build /home/user/ros2_ws/src/citylab_project/build/robot_patrol -- -j8 -l8
[24.433s] [35m[1mScanning dependencies of target patrol_node[0m
[24.448s] [ 33%] [32mBuilding CXX object CMakeFiles/patrol_node.dir/src/patrol_node.cpp.o[0m
[24.451s] [ 66%] [32mBuilding CXX object CMakeFiles/patrol_node.dir/src/patrol.cpp.o[0m
[24.459s] [01m[K/home/user/ros2_ws/src/citylab_project/src/robot_patrol/src/patrol_node.cpp:1:10:[m[K [01;31m[Kfatal error: [m[Kpatrol.h: No such file or directory
[24.459s]     1 | #include [01;31m[K"patrol.h"[m[K
[24.459s]       |          [01;31m[K^~~~~~~~~~[m[K
[24.459s] [01m[K/home/user/ros2_ws/src/citylab_project/src/robot_patrol/src/patrol.cpp:1:10:[m[K [01;31m[Kfatal error: [m[Kpatrol.h: No such file or directory
[24.460s]     1 | #include [01;31m[K"patrol.h"[m[K
[24.460s]       |          [01;31m[K^~~~~~~~~~[m[K
[24.460s] compilation terminated.
[24.460s] compilation terminated.
[24.461s] make[2]: *** [CMakeFiles/patrol_node.dir/build.make:63: CMakeFiles/patrol_node.dir/src/patrol_node.cpp.o] Error 1
[24.461s] make[2]: *** Waiting for unfinished jobs....
[24.461s] make[2]: *** [CMakeFiles/patrol_node.dir/build.make:76: CMakeFiles/patrol_node.dir/src/patrol.cpp.o] Error 1
[24.461s] make[1]: *** [CMakeFiles/Makefile2:78: CMakeFiles/patrol_node.dir/all] Error 2
[24.462s] make: *** [Makefile:141: all] Error 2
[24.464s] Invoked command in '/home/user/ros2_ws/src/citylab_project/build/robot_patrol' returned '2': CMAKE_PREFIX_PATH=${CMAKE_PREFIX_PATH}:/opt/ros/foxy _=/usr/bin/env /usr/bin/cmake --build /home/user/ros2_ws/src/citylab_project/build/robot_patrol -- -j8 -l8
