[ 33%] [32mBuilding CXX object CMakeFiles/patrol_node.dir/src/patrol.cpp.o[0m
[01m[K/home/user/ros2_ws/src/citylab_project/src/robot_patrol/src/patrol.cpp:[m[K In constructor '[01m[KPatrol::Patrol()[m[K':
[01m[K/home/user/ros2_ws/src/citylab_project/src/robot_patrol/src/patrol.cpp:11:64:[m[K [01;31m[Kerror: [m[K'[01m[K_1[m[K' was not declared in this scope; did you mean '[01m[Kstd::placeholders::_1[m[K'?
   11 |       "/scan", 10, std::bind(&Patrol::laserscanCallBack, this, [01;31m[K_1[m[K), callback_group);
      |                                                                [01;31m[K^~[m[K
      |                                                                [32m[Kstd::placeholders::_1[m[K
In file included from [01m[K/opt/ros/foxy/include/rclcpp/context.hpp:19[m[K,
                 from [01m[K/opt/ros/foxy/include/rclcpp/contexts/default_context.hpp:18[m[K,
                 from [01m[K/opt/ros/foxy/include/rclcpp/executor.hpp:32[m[K,
                 from [01m[K/opt/ros/foxy/include/rclcpp/executors/multi_threaded_executor.hpp:26[m[K,
                 from [01m[K/opt/ros/foxy/include/rclcpp/executors.hpp:21[m[K,
                 from [01m[K/opt/ros/foxy/include/rclcpp/rclcpp.hpp:146[m[K,
                 from [01m[K/home/user/ros2_ws/src/citylab_project/src/robot_patrol/include/patrol.h:2[m[K,
                 from [01m[K/home/user/ros2_ws/src/citylab_project/src/robot_patrol/src/patrol.cpp:1[m[K:
[01m[K/usr/include/c++/9/functional:211:34:[m[K [01;36m[Knote: [m[K'[01m[Kstd::placeholders::_1[m[K' declared here
  211 |     extern const _Placeholder<1> [01;36m[K_1[m[K;
      |                                  [01;36m[K^~[m[K
[01m[K/home/user/ros2_ws/src/citylab_project/src/robot_patrol/src/patrol.cpp:11:69:[m[K [01;31m[Kerror: [m[K'[01m[Kcallback_group[m[K' was not declared in this scope; did you mean '[01m[Krclcpp::callback_group[m[K'?
   11 |       "/scan", 10, std::bind(&Patrol::laserscanCallBack, this, _1), [01;31m[Kcallback_group[m[K);
      |                                                                     [01;31m[K^~~~~~~~~~~~~~[m[K
      |                                                                     [32m[Krclcpp::callback_group[m[K
In file included from [01m[K/opt/ros/foxy/include/rclcpp/any_executable.hpp:20[m[K,
                 from [01m[K/opt/ros/foxy/include/rclcpp/memory_strategy.hpp:24[m[K,
                 from [01m[K/opt/ros/foxy/include/rclcpp/memory_strategies.hpp:18[m[K,
                 from [01m[K/opt/ros/foxy/include/rclcpp/executor_options.hpp:20[m[K,
                 from [01m[K/opt/ros/foxy/include/rclcpp/executor.hpp:33[m[K,
                 from [01m[K/opt/ros/foxy/include/rclcpp/executors/multi_threaded_executor.hpp:26[m[K,
                 from [01m[K/opt/ros/foxy/include/rclcpp/executors.hpp:21[m[K,
                 from [01m[K/opt/ros/foxy/include/rclcpp/rclcpp.hpp:146[m[K,
                 from [01m[K/home/user/ros2_ws/src/citylab_project/src/robot_patrol/include/patrol.h:2[m[K,
                 from [01m[K/home/user/ros2_ws/src/citylab_project/src/robot_patrol/src/patrol.cpp:1[m[K:
[01m[K/opt/ros/foxy/include/rclcpp/callback_group.hpp:162:11:[m[K [01;36m[Knote: [m[K'[01m[Krclcpp::callback_group[m[K' declared here
  162 | namespace [01;36m[Kcallback_group[m[K
      |           [01;36m[K^~~~~~~~~~~~~~[m[K
[01m[K/home/user/ros2_ws/src/citylab_project/src/robot_patrol/src/patrol.cpp:14:38:[m[K [01;31m[Kerror: [m[Kunable to find numeric literal operator '[01m[Koperator""ms[m[K'
   14 |     timer_ = this->create_wall_timer([01;31m[K100ms[m[K, std::bind(&Patrol::cmdvelCallBack, this), callback_group_);
      |                                      [01;31m[K^~~~~[m[K
[01m[K/home/user/ros2_ws/src/citylab_project/src/robot_patrol/src/patrol.cpp:[m[K At global scope:
[01m[K/home/user/ros2_ws/src/citylab_project/src/robot_patrol/src/patrol.cpp:19:75:[m[K [01;31m[Kerror: [m[KISO C++ forbids declaration of '[01m[KlaserscanCallBack[m[K' with no type [[01;31m[K-fpermissive[m[K]
   19 | Patrol::laserscanCallBack(const sensor_msgs::msg::LaserScan::SharedPtr msg[01;31m[K)[m[K
      |                                                                           [01;31m[K^[m[K
[01m[K/home/user/ros2_ws/src/citylab_project/src/robot_patrol/src/patrol.cpp:19:1:[m[K [01;31m[Kerror: [m[Kno declaration matches '[01m[Kint Patrol::laserscanCallBack(sensor_msgs::msg::LaserScan_<std::allocator<void> >::SharedPtr)[m[K'
   19 | [01;31m[KPatrol[m[K::laserscanCallBack(const sensor_msgs::msg::LaserScan::SharedPtr msg)
      | [01;31m[K^~~~~~[m[K
In file included from [01m[K/home/user/ros2_ws/src/citylab_project/src/robot_patrol/src/patrol.cpp:1[m[K:
[01m[K/home/user/ros2_ws/src/citylab_project/src/robot_patrol/include/patrol.h:18:10:[m[K [01;36m[Knote: [m[Kcandidate is: '[01m[Kvoid Patrol::laserscanCallBack(sensor_msgs::msg::LaserScan_<std::allocator<void> >::SharedPtr)[m[K'
   18 |     void [01;36m[KlaserscanCallBack[m[K(const sensor_msgs::msg::LaserScan::SharedPtr);
      |          [01;36m[K^~~~~~~~~~~~~~~~~[m[K
[01m[K/home/user/ros2_ws/src/citylab_project/src/robot_patrol/include/patrol.h:6:7:[m[K [01;36m[Knote: [m[K'[01m[Kclass Patrol[m[K' defined here
    6 | class [01;36m[KPatrol[m[K : public rclcpp::Node
      |       [01;36m[K^~~~~~[m[K
make[2]: *** [CMakeFiles/patrol_node.dir/build.make:76: CMakeFiles/patrol_node.dir/src/patrol.cpp.o] Error 1
make[1]: *** [CMakeFiles/Makefile2:78: CMakeFiles/patrol_node.dir/all] Error 2
make: *** [Makefile:141: all] Error 2
