[0.018s] Invoking command in '/home/user/ros2_ws/src/citylab_project/build/robot_patrol': CMAKE_PREFIX_PATH=${CMAKE_PREFIX_PATH}:/opt/ros/foxy _=/usr/bin/env /usr/bin/cmake --build /home/user/ros2_ws/src/citylab_project/build/robot_patrol -- -j8 -l8
[0.070s] [35m[1mScanning dependencies of target patrol_node[0m
[0.115s] [ 33%] [32mBuilding CXX object CMakeFiles/patrol_node.dir/src/patrol.cpp.o[0m
[1.508s] [01m[K/home/user/ros2_ws/src/citylab_project/src/robot_patrol/src/patrol.cpp:[m[K In constructor '[01m[KPatrol::Patrol()[m[K':
[1.508s] [01m[K/home/user/ros2_ws/src/citylab_project/src/robot_patrol/src/patrol.cpp:5:42:[m[K [01;31m[Kerror: [m[Kexpected primary-expression before '[01m[K->[m[K' token
[1.508s]     5 |     rcutils_logging_set_logger_level(Node[01;31m[K->[m[Kget_logger().get_name(), RCUTILS_LOG_SEVERITY_DEBUG);
[1.508s]       |                                          [01;31m[K^~[m[K
[1.518s] [01m[K/home/user/ros2_ws/src/citylab_project/src/robot_patrol/src/patrol.cpp:12:103:[m[K [01;31m[Kerror: [m[Kno matching function for call to '[01m[KPatrol::create_subscription<sensor_msgs::msg::LaserScan>(const char [6], int, std::_Bind_helper<false, void (Patrol::*)(std::shared_ptr<sensor_msgs::msg::LaserScan_<std::allocator<void> > >), Patrol*, const std::_Placeholder<1>&>::type, rclcpp::CallbackGroup::SharedPtr&)[m[K'
[1.518s]    12 |       "/scan", 10, std::bind(&Patrol::laserscanCallBack, this, std::placeholders::_1), callback_group_[01;31m[K)[m[K;
[1.518s]       |                                                                                                       [01;31m[K^[m[K
[1.518s] In file included from [01m[K/opt/ros/foxy/include/rclcpp/executors/single_threaded_executor.hpp:28[m[K,
[1.518s]                  from [01m[K/opt/ros/foxy/include/rclcpp/executors.hpp:22[m[K,
[1.518s]                  from [01m[K/opt/ros/foxy/include/rclcpp/rclcpp.hpp:146[m[K,
[1.518s]                  from [01m[K/home/user/ros2_ws/src/citylab_project/src/robot_patrol/include/patrol.h:2[m[K,
[1.518s]                  from [01m[K/home/user/ros2_ws/src/citylab_project/src/robot_patrol/src/patrol.cpp:1[m[K:
[1.518s] [01m[K/opt/ros/foxy/include/rclcpp/node.hpp:213:3:[m[K [01;36m[Knote: [m[Kcandidate: '[01m[Ktemplate<class MessageT, class CallbackT, class AllocatorT, class CallbackMessageT, class SubscriptionT, class MessageMemoryStrategyT> std::shared_ptr<SubscriptionT> rclcpp::Node::create_subscription(const string&, const rclcpp::QoS&, CallbackT&&, const rclcpp::SubscriptionOptionsWithAllocator<AllocatorT>&, typename MessageMemoryStrategyT::SharedPtr)[m[K'
[1.518s]   213 |   [01;36m[Kcreate_subscription[m[K(
[1.519s]       |   [01;36m[K^~~~~~~~~~~~~~~~~~~[m[K
[1.519s] [01m[K/opt/ros/foxy/include/rclcpp/node.hpp:213:3:[m[K [01;36m[Knote: [m[K  template argument deduction/substitution failed:
[1.519s] [01m[K/home/user/ros2_ws/src/citylab_project/src/robot_patrol/src/patrol.cpp:12:103:[m[K [01;36m[Knote: [m[K  '[01m[Krclcpp::CallbackGroup::SharedPtr[m[K' {aka '[01m[Kstd::shared_ptr<rclcpp::CallbackGroup>[m[K'} is not derived from '[01m[Kconst rclcpp::SubscriptionOptionsWithAllocator<AllocatorT>[m[K'
[1.519s]    12 |       "/scan", 10, std::bind(&Patrol::laserscanCallBack, this, std::placeholders::_1), callback_group_[01;36m[K)[m[K;
[1.519s]       |                                                                                                       [01;36m[K^[m[K
[1.519s] [01m[K/home/user/ros2_ws/src/citylab_project/src/robot_patrol/src/patrol.cpp:15:38:[m[K [01;31m[Kerror: [m[Kunable to find numeric literal operator '[01m[Koperator""ms[m[K'
[1.519s]    15 |     timer_ = this->create_wall_timer([01;31m[K100ms[m[K, std::bind(&Patrol::cmdvelCallBack, this), callback_group_);
[1.519s]       |                                      [01;31m[K^~~~~[m[K
[1.531s] [01m[K/home/user/ros2_ws/src/citylab_project/src/robot_patrol/src/patrol.cpp:[m[K In member function '[01m[Kvoid Patrol::laserscanCallBack(sensor_msgs::msg::LaserScan_<std::allocator<void> >::SharedPtr)[m[K':
[1.531s] [01m[K/home/user/ros2_ws/src/citylab_project/src/robot_patrol/src/patrol.cpp:26:2:[m[K [01;31m[Kerror: [m[K'[01m[Kminus_pi_2_index[m[K' was not declared in this scope
[1.531s]    26 |  [01;31m[Kminus_pi_2_index[m[K = int((min_angle - msg->angle_min) / msg->angle_increment);
[1.531s]       |  [01;31m[K^~~~~~~~~~~~~~~~[m[K
[1.534s] [01m[K/home/user/ros2_ws/src/citylab_project/src/robot_patrol/src/patrol.cpp:27:2:[m[K [01;31m[Kerror: [m[K'[01m[Kpi_2_index[m[K' was not declared in this scope
[1.534s]    27 |  [01;31m[Kpi_2_index[m[K       = int((max_angle - msg->angle_min) / msg->angle_increment);
[1.534s]       |  [01;31m[K^~~~~~~~~~[m[K
[1.535s] In file included from [01m[K/opt/ros/foxy/include/rclcpp/service.hpp:34[m[K,
[1.535s]                  from [01m[K/opt/ros/foxy/include/rclcpp/callback_group.hpp:25[m[K,
[1.535s]                  from [01m[K/opt/ros/foxy/include/rclcpp/any_executable.hpp:20[m[K,
[1.535s]                  from [01m[K/opt/ros/foxy/include/rclcpp/memory_strategy.hpp:24[m[K,
[1.535s]                  from [01m[K/opt/ros/foxy/include/rclcpp/memory_strategies.hpp:18[m[K,
[1.535s]                  from [01m[K/opt/ros/foxy/include/rclcpp/executor_options.hpp:20[m[K,
[1.535s]                  from [01m[K/opt/ros/foxy/include/rclcpp/executor.hpp:33[m[K,
[1.536s]                  from [01m[K/opt/ros/foxy/include/rclcpp/executors/multi_threaded_executor.hpp:26[m[K,
[1.536s]                  from [01m[K/opt/ros/foxy/include/rclcpp/executors.hpp:21[m[K,
[1.536s]                  from [01m[K/opt/ros/foxy/include/rclcpp/rclcpp.hpp:146[m[K,
[1.536s]                  from [01m[K/home/user/ros2_ws/src/citylab_project/src/robot_patrol/include/patrol.h:2[m[K,
[1.536s]                  from [01m[K/home/user/ros2_ws/src/citylab_project/src/robot_patrol/src/patrol.cpp:1[m[K:
[1.536s] [01m[K/home/user/ros2_ws/src/citylab_project/src/robot_patrol/src/patrol.cpp:31:16:[m[K [01;31m[Kerror: [m[K'[01m[Knode[m[K' was not declared in this scope; did you mean '[01m[KNode[m[K'?
[1.536s]    31 |   RCLCPP_ERROR([01;31m[Knode[m[K->get_logger(), "Index out of size");
[1.536s]       |                [01;31m[K^~~~[m[K
[1.536s] [01m[K/home/user/ros2_ws/src/citylab_project/src/robot_patrol/src/patrol.cpp:31:3:[m[K [01;31m[Kerror: [m[Ktemplate argument 1 is invalid
[1.536s]    31 |   [01;31m[KRCLCPP_ERROR[m[K(node->get_logger(), "Index out of size");
[1.536s]       |   [01;31m[K^~~~~~~~~~~~[m[K
[1.536s] [01m[K/home/user/ros2_ws/src/citylab_project/src/robot_patrol/src/patrol.cpp:31:3:[m[K [01;31m[Kerror: [m[Ktemplate argument 1 is invalid
[1.536s]    31 |   [01;31m[KRCLCPP_ERROR[m[K(node->get_logger(), "Index out of size");
[1.537s]       |   [01;31m[K^~~~~~~~~~~~[m[K
[1.537s] [01m[K/home/user/ros2_ws/src/citylab_project/src/robot_patrol/src/patrol.cpp:31:3:[m[K [01;31m[Kerror: [m[Ktemplate argument 1 is invalid
[1.537s]    31 |   [01;31m[KRCLCPP_ERROR[m[K(node->get_logger(), "Index out of size");
[1.537s]       |   [01;31m[K^~~~~~~~~~~~[m[K
[1.537s] [01m[K/home/user/ros2_ws/src/citylab_project/src/robot_patrol/src/patrol.cpp:37:69:[m[K [01;35m[Kwarning: [m[Ksuggest braces around empty body in an '[01m[Kif[m[K' statement [[01;35m[K-Wempty-body[m[K]
[1.537s]    37 |    if(msg->ranges[i] > clear_distance && msg->ranges[i] != INFINITY)[01;35m[K;[m[K
[1.537s]       |                                                                     [01;35m[K^[m[K
[1.537s] [01m[K/home/user/ros2_ws/src/citylab_project/src/robot_patrol/src/patrol.cpp:37:4:[m[K [01;35m[Kwarning: [m[Kthis '[01m[Kif[m[K' clause does not guard... [[01;35m[K-Wmisleading-indentation[m[K]
[1.537s]    37 |    [01;35m[Kif[m[K(msg->ranges[i] > clear_distance && msg->ranges[i] != INFINITY);
[1.537s]       |    [01;35m[K^~[m[K
[1.537s] [01m[K/home/user/ros2_ws/src/citylab_project/src/robot_patrol/src/patrol.cpp:38:4:[m[K [01;36m[Knote: [m[K...this statement, but the latter is misleadingly indented as if it were guarded by the '[01m[Kif[m[K'
[1.537s]    38 |    [01;36m[K{[m[K
[1.538s]       |    [01;36m[K^[m[K
[2.468s] make[2]: *** [CMakeFiles/patrol_node.dir/build.make:76: CMakeFiles/patrol_node.dir/src/patrol.cpp.o] Error 1
[2.469s] make[1]: *** [CMakeFiles/Makefile2:78: CMakeFiles/patrol_node.dir/all] Error 2
[2.469s] make: *** [Makefile:141: all] Error 2
[2.471s] Invoked command in '/home/user/ros2_ws/src/citylab_project/build/robot_patrol' returned '2': CMAKE_PREFIX_PATH=${CMAKE_PREFIX_PATH}:/opt/ros/foxy _=/usr/bin/env /usr/bin/cmake --build /home/user/ros2_ws/src/citylab_project/build/robot_patrol -- -j8 -l8
