[0.019s] Invoking command in '/home/user/ros2_ws/src/citylab_project/build/robot_patrol': CMAKE_PREFIX_PATH=${CMAKE_PREFIX_PATH}:/opt/ros/foxy _=/usr/bin/env /usr/bin/cmake --build /home/user/ros2_ws/src/citylab_project/build/robot_patrol -- -j8 -l8
[0.083s] [ 33%] [32mBuilding CXX object CMakeFiles/patrol_node.dir/src/patrol_node.cpp.o[0m
[0.086s] [ 66%] [32mBuilding CXX object CMakeFiles/patrol_node.dir/src/patrol.cpp.o[0m
[1.455s] In file included from [01m[K/home/user/ros2_ws/src/citylab_project/src/robot_patrol/src/patrol.cpp:1[m[K:
[1.455s] [01m[K/home/user/ros2_ws/src/citylab_project/src/robot_patrol/include/patrol.h:9:26:[m[K [01;31m[Kerror: [m[K'[01m[Ksensor_msgs[m[K' was not declared in this scope
[1.455s]     9 |     rclcpp::Subscription<[01;31m[Ksensor_msgs[m[K::msg::LaserScan>::SharedPtr subscription_laserscan_;
[1.455s]       |                          [01;31m[K^~~~~~~~~~~[m[K
[1.455s] [01m[K/home/user/ros2_ws/src/citylab_project/src/robot_patrol/include/patrol.h:9:53:[m[K [01;31m[Kerror: [m[Ktemplate argument 1 is invalid
[1.455s]     9 |     rclcpp::Subscription<sensor_msgs::msg::LaserScan[01;31m[K>[m[K::SharedPtr subscription_laserscan_;
[1.455s]       |                                                     [01;31m[K^[m[K
[1.456s] [01m[K/home/user/ros2_ws/src/citylab_project/src/robot_patrol/include/patrol.h:9:53:[m[K [01;31m[Kerror: [m[Ktemplate argument 3 is invalid
[1.456s] [01m[K/home/user/ros2_ws/src/citylab_project/src/robot_patrol/include/patrol.h:9:56:[m[K [01;31m[Kerror: [m[Kexpected '[01m[K;[m[K' at end of member declaration
[1.456s]     9 |     rclcpp::Subscription<sensor_msgs::msg::LaserScan>::[01;31m[KSharedPtr[m[K subscription_laserscan_;
[1.456s]       |                                                        [01;31m[K^~~~~~~~~[m[K
[1.456s]       |                                                                 [32m[K;[m[K
[1.460s] [01m[K/home/user/ros2_ws/src/citylab_project/src/robot_patrol/include/patrol.h:9:66:[m[K [01;31m[Kerror: [m[K'[01m[Ksubscription_laserscan_[m[K' does not name a type
[1.460s]     9 |     rclcpp::Subscription<sensor_msgs::msg::LaserScan>::SharedPtr [01;31m[Ksubscription_laserscan_[m[K;
[1.461s]       |                                                                  [01;31m[K^~~~~~~~~~~~~~~~~~~~~~~[m[K
[1.462s] In file included from [01m[K/home/user/ros2_ws/src/citylab_project/src/robot_patrol/src/patrol_node.cpp:1[m[K:
[1.462s] [01m[K/home/user/ros2_ws/src/citylab_project/src/robot_patrol/include/patrol.h:9:26:[m[K [01;31m[Kerror: [m[K'[01m[Ksensor_msgs[m[K' was not declared in this scope
[1.462s]     9 |     rclcpp::Subscription<[01;31m[Ksensor_msgs[m[K::msg::LaserScan>::SharedPtr subscription_laserscan_;
[1.463s]       |                          [01;31m[K^~~~~~~~~~~[m[K
[1.463s] [01m[K/home/user/ros2_ws/src/citylab_project/src/robot_patrol/include/patrol.h:9:53:[m[K [01;31m[Kerror: [m[Ktemplate argument 1 is invalid
[1.463s]     9 |     rclcpp::Subscription<sensor_msgs::msg::LaserScan[01;31m[K>[m[K::SharedPtr subscription_laserscan_;
[1.463s]       |                                                     [01;31m[K^[m[K
[1.463s] [01m[K/home/user/ros2_ws/src/citylab_project/src/robot_patrol/include/patrol.h:9:53:[m[K [01;31m[Kerror: [m[Ktemplate argument 3 is invalid
[1.463s] [01m[K/home/user/ros2_ws/src/citylab_project/src/robot_patrol/include/patrol.h:9:56:[m[K [01;31m[Kerror: [m[Kexpected '[01m[K;[m[K' at end of member declaration
[1.464s]     9 |     rclcpp::Subscription<sensor_msgs::msg::LaserScan>::[01;31m[KSharedPtr[m[K subscription_laserscan_;
[1.464s]       |                                                        [01;31m[K^~~~~~~~~[m[K
[1.464s]       |                                                                 [32m[K;[m[K
[1.464s] [01m[K/home/user/ros2_ws/src/citylab_project/src/robot_patrol/include/patrol.h:10:23:[m[K [01;31m[Kerror: [m[K'[01m[Kstd_msgs[m[K' was not declared in this scope
[1.464s]    10 |     rclcpp::Publisher<[01;31m[Kstd_msgs[m[K::msg::Int32>::SharedPtr publisher_cmdvel_;
[1.464s]       |                       [01;31m[K^~~~~~~~[m[K
[1.464s] [01m[K/home/user/ros2_ws/src/citylab_project/src/robot_patrol/include/patrol.h:10:43:[m[K [01;31m[Kerror: [m[Ktemplate argument 1 is invalid
[1.464s]    10 |     rclcpp::Publisher<std_msgs::msg::Int32[01;31m[K>[m[K::SharedPtr publisher_cmdvel_;
[1.465s]       |                                           [01;31m[K^[m[K
[1.465s] [01m[K/home/user/ros2_ws/src/citylab_project/src/robot_patrol/include/patrol.h:10:46:[m[K [01;31m[Kerror: [m[Kexpected '[01m[K;[m[K' at end of member declaration
[1.465s]    10 |     rclcpp::Publisher<std_msgs::msg::Int32>::[01;31m[KSharedPtr[m[K publisher_cmdvel_;
[1.465s]       |                                              [01;31m[K^~~~~~~~~[m[K
[1.465s]       |                                                       [32m[K;[m[K
[1.465s] [01m[K/home/user/ros2_ws/src/citylab_project/src/robot_patrol/include/patrol.h:10:46:[m[K [01;31m[Kerror: [m[Kredeclaration of '[01m[Kint Patrol::SharedPtr[m[K'
[1.465s] [01m[K/home/user/ros2_ws/src/citylab_project/src/robot_patrol/include/patrol.h:9:56:[m[K [01;36m[Knote: [m[Kprevious declaration '[01m[Kint Patrol::SharedPtr[m[K'
[1.466s]     9 |     rclcpp::Subscription<sensor_msgs::msg::LaserScan>::[01;36m[KSharedPtr[m[K subscription_laserscan_;
[1.466s]       |                                                        [01;36m[K^~~~~~~~~[m[K
[1.468s] [01m[K/home/user/ros2_ws/src/citylab_project/src/robot_patrol/include/patrol.h:10:56:[m[K [01;31m[Kerror: [m[K'[01m[Kpublisher_cmdvel_[m[K' does not name a type
[1.468s]    10 |     rclcpp::Publisher<std_msgs::msg::Int32>::SharedPtr [01;31m[Kpublisher_cmdvel_[m[K;
[1.468s]       |                                                        [01;31m[K^~~~~~~~~~~~~~~~~[m[K
[1.468s] [01m[K/home/user/ros2_ws/src/citylab_project/src/robot_patrol/include/patrol.h:9:66:[m[K [01;31m[Kerror: [m[K'[01m[Ksubscription_laserscan_[m[K' does not name a type
[1.468s]     9 |     rclcpp::Subscription<sensor_msgs::msg::LaserScan>::SharedPtr [01;31m[Ksubscription_laserscan_[m[K;
[1.468s]       |                                                                  [01;31m[K^~~~~~~~~~~~~~~~~~~~~~~[m[K
[1.470s] [01m[K/home/user/ros2_ws/src/citylab_project/src/robot_patrol/include/patrol.h:10:23:[m[K [01;31m[Kerror: [m[K'[01m[Kstd_msgs[m[K' was not declared in this scope
[1.470s]    10 |     rclcpp::Publisher<[01;31m[Kstd_msgs[m[K::msg::Int32>::SharedPtr publisher_cmdvel_;
[1.471s]       |                       [01;31m[K^~~~~~~~[m[K
[1.471s] [01m[K/home/user/ros2_ws/src/citylab_project/src/robot_patrol/include/patrol.h:10:43:[m[K [01;31m[Kerror: [m[Ktemplate argument 1 is invalid
[1.471s]    10 |     rclcpp::Publisher<std_msgs::msg::Int32[01;31m[K>[m[K::SharedPtr publisher_cmdvel_;
[1.471s]       |                                           [01;31m[K^[m[K
[1.471s] [01m[K/home/user/ros2_ws/src/citylab_project/src/robot_patrol/include/patrol.h:10:46:[m[K [01;31m[Kerror: [m[Kexpected '[01m[K;[m[K' at end of member declaration
[1.471s]    10 |     rclcpp::Publisher<std_msgs::msg::Int32>::[01;31m[KSharedPtr[m[K publisher_cmdvel_;
[1.471s]       |                                              [01;31m[K^~~~~~~~~[m[K
[1.471s]       |                                                       [32m[K;[m[K
[1.471s] [01m[K/home/user/ros2_ws/src/citylab_project/src/robot_patrol/include/patrol.h:10:46:[m[K [01;31m[Kerror: [m[Kredeclaration of '[01m[Kint Patrol::SharedPtr[m[K'
[1.471s] [01m[K/home/user/ros2_ws/src/citylab_project/src/robot_patrol/include/patrol.h:9:56:[m[K [01;36m[Knote: [m[Kprevious declaration '[01m[Kint Patrol::SharedPtr[m[K'
[1.472s]     9 |     rclcpp::Subscription<sensor_msgs::msg::LaserScan>::[01;36m[KSharedPtr[m[K subscription_laserscan_;
[1.472s]       |                                                        [01;36m[K^~~~~~~~~[m[K
[1.474s] [01m[K/home/user/ros2_ws/src/citylab_project/src/robot_patrol/include/patrol.h:10:56:[m[K [01;31m[Kerror: [m[K'[01m[Kpublisher_cmdvel_[m[K' does not name a type
[1.474s]    10 |     rclcpp::Publisher<std_msgs::msg::Int32>::SharedPtr [01;31m[Kpublisher_cmdvel_[m[K;
[1.474s]       |                                                        [01;31m[K^~~~~~~~~~~~~~~~~[m[K
[1.477s] [01m[K/home/user/ros2_ws/src/citylab_project/src/robot_patrol/src/patrol.cpp:[m[K In constructor '[01m[KPatrol::Patrol()[m[K':
[1.477s] [01m[K/home/user/ros2_ws/src/citylab_project/src/robot_patrol/src/patrol.cpp:10:5:[m[K [01;31m[Kerror: [m[K'[01m[Ksubscription_laserscan_[m[K' was not declared in this scope
[1.477s]    10 |     [01;31m[Ksubscription_laserscan_[m[K = this->create_subscription<sensor_msgs::msg::LaserScan>(
[1.477s]       |     [01;31m[K^~~~~~~~~~~~~~~~~~~~~~~[m[K
[1.480s] [01m[K/home/user/ros2_ws/src/citylab_project/src/robot_patrol/src/patrol.cpp:10:57:[m[K [01;31m[Kerror: [m[K'[01m[Ksensor_msgs[m[K' was not declared in this scope
[1.480s]    10 |     subscription_laserscan_ = this->create_subscription<[01;31m[Ksensor_msgs[m[K::msg::LaserScan>(
[1.480s]       |                                                         [01;31m[K^~~~~~~~~~~[m[K
[1.480s] [01m[K/home/user/ros2_ws/src/citylab_project/src/robot_patrol/src/patrol.cpp:10:37:[m[K [01;31m[Kerror: [m[Kparse error in template argument list
[1.480s]    10 |     subscription_laserscan_ = this->[01;31m[Kcreate_subscription<sensor_msgs::msg::LaserScan>[m[K(
[1.480s]       |                                     [01;31m[K^~~~~~~~~~~~~~~~~~~~~~~~~~~~~~~~~~~~~~~~~~~~~~~~[m[K
[1.481s] [01m[K/home/user/ros2_ws/src/citylab_project/src/robot_patrol/src/patrol.cpp:11:39:[m[K [01;31m[Kerror: [m[K'[01m[KlaserscanCallBack[m[K' is not a member of '[01m[KPatrol[m[K'
[1.481s]    11 |       "/scan", 10, std::bind(&Patrol::[01;31m[KlaserscanCallBack[m[K, this, _1), callback_group);
[1.481s]       |                                       [01;31m[K^~~~~~~~~~~~~~~~~[m[K
[1.481s] [01m[K/home/user/ros2_ws/src/citylab_project/src/robot_patrol/src/patrol.cpp:11:64:[m[K [01;31m[Kerror: [m[K'[01m[K_1[m[K' was not declared in this scope; did you mean '[01m[Kstd::placeholders::_1[m[K'?
[1.481s]    11 |       "/scan", 10, std::bind(&Patrol::laserscanCallBack, this, [01;31m[K_1[m[K), callback_group);
[1.481s]       |                                                                [01;31m[K^~[m[K
[1.481s]       |                                                                [32m[Kstd::placeholders::_1[m[K
[1.481s] In file included from [01m[K/opt/ros/foxy/include/rclcpp/context.hpp:19[m[K,
[1.481s]                  from [01m[K/opt/ros/foxy/include/rclcpp/contexts/default_context.hpp:18[m[K,
[1.481s]                  from [01m[K/opt/ros/foxy/include/rclcpp/executor.hpp:32[m[K,
[1.481s]                  from [01m[K/opt/ros/foxy/include/rclcpp/executors/multi_threaded_executor.hpp:26[m[K,
[1.482s]                  from [01m[K/opt/ros/foxy/include/rclcpp/executors.hpp:21[m[K,
[1.482s]                  from [01m[K/opt/ros/foxy/include/rclcpp/rclcpp.hpp:146[m[K,
[1.482s]                  from [01m[K/home/user/ros2_ws/src/citylab_project/src/robot_patrol/include/patrol.h:1[m[K,
[1.482s]                  from [01m[K/home/user/ros2_ws/src/citylab_project/src/robot_patrol/src/patrol.cpp:1[m[K:
[1.482s] [01m[K/usr/include/c++/9/functional:211:34:[m[K [01;36m[Knote: [m[K'[01m[Kstd::placeholders::_1[m[K' declared here
[1.482s]   211 |     extern const _Placeholder<1> [01;36m[K_1[m[K;
[1.482s]       |                                  [01;36m[K^~[m[K
[1.482s] [01m[K/home/user/ros2_ws/src/citylab_project/src/robot_patrol/src/patrol.cpp:11:69:[m[K [01;31m[Kerror: [m[K'[01m[Kcallback_group[m[K' was not declared in this scope; did you mean '[01m[Krclcpp::callback_group[m[K'?
[1.482s]    11 |       "/scan", 10, std::bind(&Patrol::laserscanCallBack, this, _1), [01;31m[Kcallback_group[m[K);
[1.482s]       |                                                                     [01;31m[K^~~~~~~~~~~~~~[m[K
[1.482s]       |                                                                     [32m[Krclcpp::callback_group[m[K
[1.482s] In file included from [01m[K/opt/ros/foxy/include/rclcpp/any_executable.hpp:20[m[K,
[1.483s]                  from [01m[K/opt/ros/foxy/include/rclcpp/memory_strategy.hpp:24[m[K,
[1.483s]                  from [01m[K/opt/ros/foxy/include/rclcpp/memory_strategies.hpp:18[m[K,
[1.483s]                  from [01m[K/opt/ros/foxy/include/rclcpp/executor_options.hpp:20[m[K,
[1.483s]                  from [01m[K/opt/ros/foxy/include/rclcpp/executor.hpp:33[m[K,
[1.483s]                  from [01m[K/opt/ros/foxy/include/rclcpp/executors/multi_threaded_executor.hpp:26[m[K,
[1.483s]                  from [01m[K/opt/ros/foxy/include/rclcpp/executors.hpp:21[m[K,
[1.483s]                  from [01m[K/opt/ros/foxy/include/rclcpp/rclcpp.hpp:146[m[K,
[1.483s]                  from [01m[K/home/user/ros2_ws/src/citylab_project/src/robot_patrol/include/patrol.h:1[m[K,
[1.483s]                  from [01m[K/home/user/ros2_ws/src/citylab_project/src/robot_patrol/src/patrol.cpp:1[m[K:
[1.483s] [01m[K/opt/ros/foxy/include/rclcpp/callback_group.hpp:162:11:[m[K [01;36m[Knote: [m[K'[01m[Krclcpp::callback_group[m[K' declared here
[1.483s]   162 | namespace [01;36m[Kcallback_group[m[K
[1.483s]       |           [01;36m[K^~~~~~~~~~~~~~[m[K
[1.485s] [01m[K/home/user/ros2_ws/src/citylab_project/src/robot_patrol/src/patrol.cpp:13:5:[m[K [01;31m[Kerror: [m[K'[01m[Kpublisher_cmdvel_[m[K' was not declared in this scope
[1.485s]    13 |     [01;31m[Kpublisher_cmdvel_[m[K = this->create_publisher<geometry_msgs::msg::Twist>("/cmd_vel", 10);
[1.485s]       |     [01;31m[K^~~~~~~~~~~~~~~~~[m[K
[1.488s] [01m[K/home/user/ros2_ws/src/citylab_project/src/robot_patrol/src/patrol.cpp:13:48:[m[K [01;31m[Kerror: [m[K'[01m[Kgeometry_msgs[m[K' was not declared in this scope
[1.488s]    13 |     publisher_cmdvel_ = this->create_publisher<[01;31m[Kgeometry_msgs[m[K::msg::Twist>("/cmd_vel", 10);
[1.488s]       |                                                [01;31m[K^~~~~~~~~~~~~[m[K
[1.488s] [01m[K/home/user/ros2_ws/src/citylab_project/src/robot_patrol/src/patrol.cpp:13:31:[m[K [01;31m[Kerror: [m[Kparse error in template argument list
[1.489s]    13 |     publisher_cmdvel_ = this->[01;31m[Kcreate_publisher<geometry_msgs::msg::Twist>[m[K("/cmd_vel", 10);
[1.489s]       |                               [01;31m[K^~~~~~~~~~~~~~~~~~~~~~~~~~~~~~~~~~~~~~~~~~~[m[K
[1.489s] [01m[K/home/user/ros2_ws/src/citylab_project/src/robot_patrol/src/patrol.cpp:13:89:[m[K [01;31m[Kerror: [m[Kno matching function for call to '[01m[KPatrol::create_publisher<<expression error> >(const char [9], int)[m[K'
[1.489s]    13 |     publisher_cmdvel_ = this->create_publisher<geometry_msgs::msg::Twist>("/cmd_vel", 10[01;31m[K)[m[K;
[1.489s]       |                                                                                         [01;31m[K^[m[K
[1.489s] In file included from [01m[K/opt/ros/foxy/include/rclcpp/executors/single_threaded_executor.hpp:28[m[K,
[1.489s]                  from [01m[K/opt/ros/foxy/include/rclcpp/executors.hpp:22[m[K,
[1.490s]                  from [01m[K/opt/ros/foxy/include/rclcpp/rclcpp.hpp:146[m[K,
[1.490s]                  from [01m[K/home/user/ros2_ws/src/citylab_project/src/robot_patrol/include/patrol.h:1[m[K,
[1.490s]                  from [01m[K/home/user/ros2_ws/src/citylab_project/src/robot_patrol/src/patrol.cpp:1[m[K:
[1.490s] [01m[K/opt/ros/foxy/include/rclcpp/node.hpp:184:3:[m[K [01;36m[Knote: [m[Kcandidate: '[01m[Ktemplate<class MessageT, class AllocatorT, class PublisherT> std::shared_ptr<PublisherT> rclcpp::Node::create_publisher(const string&, const rclcpp::QoS&, const rclcpp::PublisherOptionsWithAllocator<AllocatorT>&)[m[K'
[1.490s]   184 |   [01;36m[Kcreate_publisher[m[K(
[1.490s]       |   [01;36m[K^~~~~~~~~~~~~~~~[m[K
[1.490s] [01m[K/opt/ros/foxy/include/rclcpp/node.hpp:184:3:[m[K [01;36m[Knote: [m[K  template argument deduction/substitution failed:
[1.491s] [01m[K/home/user/ros2_ws/src/citylab_project/src/robot_patrol/src/patrol.cpp:13:89:[m[K [01;31m[Kerror: [m[Ktemplate argument 1 is invalid
[1.491s]    13 |     publisher_cmdvel_ = this->create_publisher<geometry_msgs::msg::Twist>("/cmd_vel", 10[01;31m[K)[m[K;
[1.491s]       |                                                                                         [01;31m[K^[m[K
[1.491s] [01m[K/home/user/ros2_ws/src/citylab_project/src/robot_patrol/src/patrol.cpp:14:38:[m[K [01;31m[Kerror: [m[Kunable to find numeric literal operator '[01m[Koperator""ms[m[K'
[1.491s]    14 |     timer_ = this->create_wall_timer([01;31m[K100ms[m[K, std::bind(&Patrol::cmdvelCallBack, this), callback_group_);
[1.491s]       |                                      [01;31m[K^~~~~[m[K
[1.499s] [01m[K/home/user/ros2_ws/src/citylab_project/src/robot_patrol/src/patrol.cpp:[m[K At global scope:
[1.499s] [01m[K/home/user/ros2_ws/src/citylab_project/src/robot_patrol/src/patrol.cpp:19:33:[m[K [01;31m[Kerror: [m[K'[01m[Ksensor_msgs[m[K' does not name a type
[1.499s]    19 | Patrol::laserscanCallBack(const [01;31m[Ksensor_msgs[m[K::msg::LaserScan::SharedPtr msg)
[1.499s]       |                                 [01;31m[K^~~~~~~~~~~[m[K
[1.500s] [01m[K/home/user/ros2_ws/src/citylab_project/src/robot_patrol/src/patrol.cpp:19:49:[m[K [01;31m[Kerror: [m[Kexpected unqualified-id before '[01m[K::[m[K' token
[1.500s]    19 | Patrol::laserscanCallBack(const sensor_msgs::msg[01;31m[K::[m[KLaserScan::SharedPtr msg)
[1.500s]       |                                                 [01;31m[K^~[m[K
[1.500s] [01m[K/home/user/ros2_ws/src/citylab_project/src/robot_patrol/src/patrol.cpp:19:49:[m[K [01;31m[Kerror: [m[Kexpected '[01m[K)[m[K' before '[01m[K::[m[K' token
[1.500s]    19 | Patrol::laserscanCallBack[34m[K([m[Kconst sensor_msgs::msg[01;31m[K:[m[K[32m[K:[m[KLaserScan::SharedPtr msg)
[1.500s]       |                          [34m[K~[m[K                      [01;31m[K^[m[K[32m[K~[m[K
[1.500s]       |                                                 [32m[K)[m[K
[1.500s] [01m[K/home/user/ros2_ws/src/citylab_project/src/robot_patrol/src/patrol.cpp:19:49:[m[K [01;31m[Kerror: [m[Kexpected constructor, destructor, or type conversion before '[01m[K::[m[K' token
[1.501s]    19 | Patrol::laserscanCallBack(const sensor_msgs::msg[01;31m[K::[m[KLaserScan::SharedPtr msg)
[1.501s]       |                                                 [01;31m[K^~[m[K
[1.501s] [01m[K/home/user/ros2_ws/src/citylab_project/src/robot_patrol/src/patrol.cpp:[m[K In member function '[01m[Kvoid Patrol::cmdvelCallBack()[m[K':
[1.501s] [01m[K/home/user/ros2_ws/src/citylab_project/src/robot_patrol/src/patrol.cpp:47:20:[m[K [01;31m[Kerror: [m[K'[01m[Kgeometry_msgs[m[K' has not been declared
[1.501s]    47 |     auto message = [01;31m[Kgeometry_msgs[m[K::msg::Twist();
[1.501s]       |                    [01;31m[K^~~~~~~~~~~~~[m[K
[1.504s] [01m[K/home/user/ros2_ws/src/citylab_project/src/robot_patrol/src/patrol.cpp:56:5:[m[K [01;31m[Kerror: [m[K'[01m[Kpublisher_cmdvel_[m[K' was not declared in this scope
[1.504s]    56 |     [01;31m[Kpublisher_cmdvel_[m[K->publish(message);
[1.504s]       |     [01;31m[K^~~~~~~~~~~~~~~~~[m[K
[1.878s] make[2]: *** [CMakeFiles/patrol_node.dir/build.make:63: CMakeFiles/patrol_node.dir/src/patrol_node.cpp.o] Error 1
[1.878s] make[2]: *** Waiting for unfinished jobs....
[1.894s] make[2]: *** [CMakeFiles/patrol_node.dir/build.make:76: CMakeFiles/patrol_node.dir/src/patrol.cpp.o] Error 1
[1.894s] make[1]: *** [CMakeFiles/Makefile2:78: CMakeFiles/patrol_node.dir/all] Error 2
[1.895s] make: *** [Makefile:141: all] Error 2
[1.897s] Invoked command in '/home/user/ros2_ws/src/citylab_project/build/robot_patrol' returned '2': CMAKE_PREFIX_PATH=${CMAKE_PREFIX_PATH}:/opt/ros/foxy _=/usr/bin/env /usr/bin/cmake --build /home/user/ros2_ws/src/citylab_project/build/robot_patrol -- -j8 -l8
